c:\users\gigabyte\onedrive - 한국산업기술대학교\바탕 화면\test\unicode_소스코드\servercore\x64\debug\servercore.pch
c:\users\gigabyte\onedrive - 한국산업기술대학교\바탕 화면\test\unicode_소스코드\libraries\debug\servercore.pdb
c:\users\gigabyte\onedrive - 한국산업기술대학교\바탕 화면\test\unicode_소스코드\libraries\debug\servercore.idb
c:\users\gigabyte\onedrive - 한국산업기술대학교\바탕 화면\test\unicode_소스코드\servercore\x64\debug\pch.obj
c:\users\gigabyte\onedrive - 한국산업기술대학교\바탕 화면\test\unicode_소스코드\servercore\x64\debug\socketutils.obj
c:\users\gigabyte\onedrive - 한국산업기술대학교\바탕 화면\test\unicode_소스코드\servercore\x64\debug\session.obj
c:\users\gigabyte\onedrive - 한국산업기술대학교\바탕 화면\test\unicode_소스코드\servercore\x64\debug\service.obj
c:\users\gigabyte\onedrive - 한국산업기술대학교\바탕 화면\test\unicode_소스코드\servercore\x64\debug\sendbuffer.obj
c:\users\gigabyte\onedrive - 한국산업기술대학교\바탕 화면\test\unicode_소스코드\servercore\x64\debug\refcounting.obj
c:\users\gigabyte\onedrive - 한국산업기술대학교\바탕 화면\test\unicode_소스코드\servercore\x64\debug\recvbuffer.obj
c:\users\gigabyte\onedrive - 한국산업기술대학교\바탕 화면\test\unicode_소스코드\servercore\x64\debug\netaddress.obj
c:\users\gigabyte\onedrive - 한국산업기술대학교\바탕 화면\test\unicode_소스코드\servercore\x64\debug\memorypool.obj
c:\users\gigabyte\onedrive - 한국산업기술대학교\바탕 화면\test\unicode_소스코드\servercore\x64\debug\memory.obj
c:\users\gigabyte\onedrive - 한국산업기술대학교\바탕 화면\test\unicode_소스코드\servercore\x64\debug\lock.obj
c:\users\gigabyte\onedrive - 한국산업기술대학교\바탕 화면\test\unicode_소스코드\servercore\x64\debug\listener.obj
c:\users\gigabyte\onedrive - 한국산업기술대학교\바탕 화면\test\unicode_소스코드\servercore\x64\debug\iocpevent.obj
c:\users\gigabyte\onedrive - 한국산업기술대학교\바탕 화면\test\unicode_소스코드\servercore\x64\debug\iocpcore.obj
c:\users\gigabyte\onedrive - 한국산업기술대학교\바탕 화면\test\unicode_소스코드\servercore\x64\debug\deadlockprofiler.obj
c:\users\gigabyte\onedrive - 한국산업기술대학교\바탕 화면\test\unicode_소스코드\servercore\x64\debug\coretls.obj
c:\users\gigabyte\onedrive - 한국산업기술대학교\바탕 화면\test\unicode_소스코드\servercore\x64\debug\corepch.obj
c:\users\gigabyte\onedrive - 한국산업기술대학교\바탕 화면\test\unicode_소스코드\servercore\x64\debug\coreglobal.obj
c:\users\gigabyte\onedrive - 한국산업기술대학교\바탕 화면\test\unicode_소스코드\servercore\x64\debug\bufferwriter.obj
c:\users\gigabyte\onedrive - 한국산업기술대학교\바탕 화면\test\unicode_소스코드\servercore\x64\debug\bufferreader.obj
c:\users\gigabyte\onedrive - 한국산업기술대학교\바탕 화면\test\unicode_소스코드\servercore\x64\debug\allocator.obj
c:\users\gigabyte\onedrive - 한국산업기술대학교\바탕 화면\test\unicode_소스코드\servercore\x64\debug\threadmanager.obj
c:\users\leemi\desktop\공부\졸업작품\paradiselost\server\servercore\x64\debug\servercore.pch
c:\users\leemi\desktop\공부\졸업작품\paradiselost\server\libraries\debug\servercore.pdb
c:\users\leemi\desktop\공부\졸업작품\paradiselost\server\libraries\debug\servercore.idb
c:\users\leemi\desktop\공부\졸업작품\paradiselost\server\servercore\x64\debug\pch.obj
c:\users\leemi\desktop\공부\졸업작품\paradiselost\server\servercore\x64\debug\socketutils.obj
c:\users\leemi\desktop\공부\졸업작품\paradiselost\server\servercore\x64\debug\session.obj
c:\users\leemi\desktop\공부\졸업작품\paradiselost\server\servercore\x64\debug\service.obj
c:\users\leemi\desktop\공부\졸업작품\paradiselost\server\servercore\x64\debug\sendbuffer.obj
c:\users\leemi\desktop\공부\졸업작품\paradiselost\server\servercore\x64\debug\refcounting.obj
c:\users\leemi\desktop\공부\졸업작품\paradiselost\server\servercore\x64\debug\recvbuffer.obj
c:\users\leemi\desktop\공부\졸업작품\paradiselost\server\servercore\x64\debug\netaddress.obj
c:\users\leemi\desktop\공부\졸업작품\paradiselost\server\servercore\x64\debug\memorypool.obj
c:\users\leemi\desktop\공부\졸업작품\paradiselost\server\servercore\x64\debug\memory.obj
c:\users\leemi\desktop\공부\졸업작품\paradiselost\server\servercore\x64\debug\lock.obj
c:\users\leemi\desktop\공부\졸업작품\paradiselost\server\servercore\x64\debug\listener.obj
c:\users\leemi\desktop\공부\졸업작품\paradiselost\server\servercore\x64\debug\iocpevent.obj
c:\users\leemi\desktop\공부\졸업작품\paradiselost\server\servercore\x64\debug\iocpcore.obj
c:\users\leemi\desktop\공부\졸업작품\paradiselost\server\servercore\x64\debug\deadlockprofiler.obj
c:\users\leemi\desktop\공부\졸업작품\paradiselost\server\servercore\x64\debug\coretls.obj
c:\users\leemi\desktop\공부\졸업작품\paradiselost\server\servercore\x64\debug\corepch.obj
c:\users\leemi\desktop\공부\졸업작품\paradiselost\server\servercore\x64\debug\coreglobal.obj
c:\users\leemi\desktop\공부\졸업작품\paradiselost\server\servercore\x64\debug\bufferwriter.obj
c:\users\leemi\desktop\공부\졸업작품\paradiselost\server\servercore\x64\debug\bufferreader.obj
c:\users\leemi\desktop\공부\졸업작품\paradiselost\server\servercore\x64\debug\allocator.obj
c:\users\leemi\desktop\공부\졸업작품\paradiselost\server\servercore\x64\debug\threadmanager.obj
c:\users\gigabyte\onedrive - 한국산업기술대학교\바탕 화면\test\unicode_소스코드\libraries\debug\servercore.lib
c:\users\leemi\desktop\공부\졸업작품\paradiselost\server\libraries\debug\servercore.lib
c:\users\gigabyte\onedrive - 한국산업기술대학교\바탕 화면\공부\졸작\paradiselost\server\servercore\x64\debug\allocator.obj
c:\users\gigabyte\onedrive - 한국산업기술대학교\바탕 화면\공부\졸작\paradiselost\server\servercore\x64\debug\bufferreader.obj
c:\users\gigabyte\onedrive - 한국산업기술대학교\바탕 화면\공부\졸작\paradiselost\server\servercore\x64\debug\bufferwriter.obj
c:\users\gigabyte\onedrive - 한국산업기술대학교\바탕 화면\공부\졸작\paradiselost\server\servercore\x64\debug\coreglobal.obj
c:\users\gigabyte\onedrive - 한국산업기술대학교\바탕 화면\공부\졸작\paradiselost\server\servercore\x64\debug\corepch.obj
c:\users\gigabyte\onedrive - 한국산업기술대학교\바탕 화면\공부\졸작\paradiselost\server\servercore\x64\debug\coretls.obj
c:\users\gigabyte\onedrive - 한국산업기술대학교\바탕 화면\공부\졸작\paradiselost\server\servercore\x64\debug\deadlockprofiler.obj
c:\users\gigabyte\onedrive - 한국산업기술대학교\바탕 화면\공부\졸작\paradiselost\server\servercore\x64\debug\iocpcore.obj
c:\users\gigabyte\onedrive - 한국산업기술대학교\바탕 화면\공부\졸작\paradiselost\server\servercore\x64\debug\iocpevent.obj
c:\users\gigabyte\onedrive - 한국산업기술대학교\바탕 화면\공부\졸작\paradiselost\server\servercore\x64\debug\listener.obj
c:\users\gigabyte\onedrive - 한국산업기술대학교\바탕 화면\공부\졸작\paradiselost\server\servercore\x64\debug\lock.obj
c:\users\gigabyte\onedrive - 한국산업기술대학교\바탕 화면\공부\졸작\paradiselost\server\servercore\x64\debug\memory.obj
c:\users\gigabyte\onedrive - 한국산업기술대학교\바탕 화면\공부\졸작\paradiselost\server\servercore\x64\debug\memorypool.obj
c:\users\gigabyte\onedrive - 한국산업기술대학교\바탕 화면\공부\졸작\paradiselost\server\servercore\x64\debug\netaddress.obj
c:\users\gigabyte\onedrive - 한국산업기술대학교\바탕 화면\공부\졸작\paradiselost\server\servercore\x64\debug\pch.obj
c:\users\gigabyte\onedrive - 한국산업기술대학교\바탕 화면\공부\졸작\paradiselost\server\servercore\x64\debug\recvbuffer.obj
c:\users\gigabyte\onedrive - 한국산업기술대학교\바탕 화면\공부\졸작\paradiselost\server\servercore\x64\debug\refcounting.obj
c:\users\gigabyte\onedrive - 한국산업기술대학교\바탕 화면\공부\졸작\paradiselost\server\servercore\x64\debug\sendbuffer.obj
c:\users\gigabyte\onedrive - 한국산업기술대학교\바탕 화면\공부\졸작\paradiselost\server\servercore\x64\debug\service.obj
c:\users\gigabyte\onedrive - 한국산업기술대학교\바탕 화면\공부\졸작\paradiselost\server\servercore\x64\debug\session.obj
c:\users\gigabyte\onedrive - 한국산업기술대학교\바탕 화면\공부\졸작\paradiselost\server\servercore\x64\debug\socketutils.obj
c:\users\gigabyte\onedrive - 한국산업기술대학교\바탕 화면\공부\졸작\paradiselost\server\servercore\x64\debug\threadmanager.obj
c:\users\gigabyte\onedrive - 한국산업기술대학교\바탕 화면\공부\졸작\paradiselost\server\servercore\x64\debug\servercore.pch
c:\users\gigabyte\onedrive - 한국산업기술대학교\바탕 화면\공부\졸작\paradiselost\server\libraries\debug\servercore.pdb
c:\users\gigabyte\onedrive - 한국산업기술대학교\바탕 화면\공부\졸작\paradiselost\server\libraries\debug\servercore.lib
c:\users\gigabyte\onedrive - 한국산업기술대학교\바탕 화면\공부\졸작\paradiselost\server\servercore\x64\debug\servercore.tlog\cl.command.1.tlog
c:\users\gigabyte\onedrive - 한국산업기술대학교\바탕 화면\공부\졸작\paradiselost\server\servercore\x64\debug\servercore.tlog\cl.read.1.tlog
c:\users\gigabyte\onedrive - 한국산업기술대학교\바탕 화면\공부\졸작\paradiselost\server\servercore\x64\debug\servercore.tlog\cl.write.1.tlog
c:\users\gigabyte\onedrive - 한국산업기술대학교\바탕 화면\공부\졸작\paradiselost\server\servercore\x64\debug\servercore.tlog\lib-link.read.1.tlog
c:\users\gigabyte\onedrive - 한국산업기술대학교\바탕 화면\공부\졸작\paradiselost\server\servercore\x64\debug\servercore.tlog\lib-link.write.1.tlog
c:\users\gigabyte\onedrive - 한국산업기술대학교\바탕 화면\공부\졸작\paradiselost\server\servercore\x64\debug\servercore.tlog\lib.command.1.tlog
