c:\users\gigabyte\onedrive - 한국산업기술대학교\바탕 화면\공부\cpp_server\server\gameserver\x64\debug\gameserver.pch
c:\users\gigabyte\onedrive - 한국산업기술대학교\바탕 화면\공부\cpp_server\server\gameserver\x64\debug\vc143.pdb
c:\users\gigabyte\onedrive - 한국산업기술대학교\바탕 화면\공부\cpp_server\server\gameserver\x64\debug\vc143.idb
c:\users\gigabyte\onedrive - 한국산업기술대학교\바탕 화면\공부\cpp_server\server\gameserver\x64\debug\pch.obj
c:\users\gigabyte\onedrive - 한국산업기술대학교\바탕 화면\공부\cpp_server\server\gameserver\x64\debug\playermanager.obj
c:\users\gigabyte\onedrive - 한국산업기술대학교\바탕 화면\공부\cpp_server\server\gameserver\x64\debug\gameserver.obj
c:\users\gigabyte\onedrive - 한국산업기술대학교\바탕 화면\공부\cpp_server\server\gameserver\x64\debug\accountmanager.obj
c:\users\gigabyte\onedrive - 한국산업기술대학교\바탕 화면\공부\졸작\paradiselost\cpp_server\server\gameserver\x64\debug\gameserver.pch
c:\users\gigabyte\onedrive - 한국산업기술대학교\바탕 화면\공부\졸작\paradiselost\cpp_server\server\gameserver\x64\debug\vc143.pdb
c:\users\gigabyte\onedrive - 한국산업기술대학교\바탕 화면\공부\졸작\paradiselost\cpp_server\server\gameserver\x64\debug\vc143.idb
c:\users\gigabyte\onedrive - 한국산업기술대학교\바탕 화면\공부\졸작\paradiselost\cpp_server\server\gameserver\x64\debug\pch.obj
c:\users\gigabyte\onedrive - 한국산업기술대학교\바탕 화면\공부\졸작\paradiselost\cpp_server\server\gameserver\x64\debug\gameserver.obj
c:\users\gigabyte\onedrive - 한국산업기술대학교\바탕 화면\공부\cpp_server\server\binary\debug\gameserver.exe
c:\users\gigabyte\onedrive - 한국산업기술대학교\바탕 화면\공부\cpp_server\server\gameserver\x64\debug\gameserver.ilk
c:\users\gigabyte\onedrive - 한국산업기술대학교\바탕 화면\공부\cpp_server\server\binary\debug\gameserver.pdb
c:\users\gigabyte\onedrive - 한국산업기술대학교\바탕 화면\공부\졸작\paradiselost\cpp_server\server\binary\debug\gameserver.exe
c:\users\gigabyte\onedrive - 한국산업기술대학교\바탕 화면\공부\졸작\paradiselost\cpp_server\server\gameserver\x64\debug\gameserver.ilk
c:\users\gigabyte\onedrive - 한국산업기술대학교\바탕 화면\공부\졸작\paradiselost\cpp_server\server\binary\debug\gameserver.pdb
c:\users\gigabyte\onedrive - 한국산업기술대학교\바탕 화면\공부\졸작\paradiselost\cpp_server\server\gameserver\x64\debug\accountmanager.obj
c:\users\gigabyte\onedrive - 한국산업기술대학교\바탕 화면\공부\졸작\paradiselost\cpp_server\server\gameserver\x64\debug\concurrentqueue.obj
c:\users\gigabyte\onedrive - 한국산업기술대학교\바탕 화면\공부\졸작\paradiselost\cpp_server\server\gameserver\x64\debug\concurrentstack.obj
c:\users\gigabyte\onedrive - 한국산업기술대학교\바탕 화면\공부\졸작\paradiselost\cpp_server\server\gameserver\x64\debug\playermanager.obj
c:\users\gigabyte\onedrive - 한국산업기술대학교\바탕 화면\공부\졸작\paradiselost\cpp_server\server\gameserver\x64\debug\usermanager.obj
c:\users\gigabyte\onedrive - 한국산업기술대학교\바탕 화면\공부\졸작\paradiselost\cpp_server\server\gameserver\x64\debug\gameserver.tlog\cl.command.1.tlog
c:\users\gigabyte\onedrive - 한국산업기술대학교\바탕 화면\공부\졸작\paradiselost\cpp_server\server\gameserver\x64\debug\gameserver.tlog\cl.read.1.tlog
c:\users\gigabyte\onedrive - 한국산업기술대학교\바탕 화면\공부\졸작\paradiselost\cpp_server\server\gameserver\x64\debug\gameserver.tlog\cl.write.1.tlog
c:\users\gigabyte\onedrive - 한국산업기술대학교\바탕 화면\공부\졸작\paradiselost\cpp_server\server\gameserver\x64\debug\gameserver.tlog\link.command.1.tlog
c:\users\gigabyte\onedrive - 한국산업기술대학교\바탕 화면\공부\졸작\paradiselost\cpp_server\server\gameserver\x64\debug\gameserver.tlog\link.read.1.tlog
c:\users\gigabyte\onedrive - 한국산업기술대학교\바탕 화면\공부\졸작\paradiselost\cpp_server\server\gameserver\x64\debug\gameserver.tlog\link.write.1.tlog
