c:\users\gigabyte\onedrive - 한국산업기술대학교\바탕 화면\공부\졸작\paradiselost\cpp_server\server\libraries\debug\servercore.pdb
c:\users\gigabyte\onedrive - 한국산업기술대학교\바탕 화면\공부\졸작\paradiselost\cpp_server\server\libraries\debug\servercore.idb
c:\users\gigabyte\onedrive - 한국산업기술대학교\바탕 화면\공부\졸작\paradiselost\cpp_server\server\servercore\x64\debug\threadmanager.obj
c:\users\gigabyte\onedrive - 한국산업기술대학교\바탕 화면\공부\졸작\paradiselost\cpp_server\server\servercore\x64\debug\refcounting.obj
c:\users\gigabyte\onedrive - 한국산업기술대학교\바탕 화면\공부\졸작\paradiselost\cpp_server\server\servercore\x64\debug\lock.obj
c:\users\gigabyte\onedrive - 한국산업기술대학교\바탕 화면\공부\졸작\paradiselost\cpp_server\server\servercore\x64\debug\deadlockprofiler.obj
c:\users\gigabyte\onedrive - 한국산업기술대학교\바탕 화면\공부\졸작\paradiselost\cpp_server\server\servercore\x64\debug\coretls.obj
c:\users\gigabyte\onedrive - 한국산업기술대학교\바탕 화면\공부\졸작\paradiselost\cpp_server\server\servercore\x64\debug\corepch.obj
c:\users\gigabyte\onedrive - 한국산업기술대학교\바탕 화면\공부\졸작\paradiselost\cpp_server\server\servercore\x64\debug\coregloabl.obj
c:\users\gigabyte\onedrive - 한국산업기술대학교\바탕 화면\공부\졸작\paradiselost\cpp_server\server\servercore\x64\debug\memory.obj
c:\users\gigabyte\onedrive - 한국산업기술대학교\바탕 화면\공부\졸작\paradiselost\cpp_server\server\servercore\x64\debug\allocator.obj
c:\users\gigabyte\onedrive - 한국산업기술대학교\바탕 화면\공부\졸작\paradiselost\cpp_server\server\servercore\x64\debug\memorypool.obj
c:\users\gigabyte\onedrive - 한국산업기술대학교\바탕 화면\공부\졸작\paradiselost\cpp_server\server\servercore\x64\debug\servercore.pch
c:\users\gigabyte\onedrive - 한국산업기술대학교\바탕 화면\공부\졸작\paradiselost\cpp_server\server\servercore\x64\debug\pch.obj
c:\users\gigabyte\onedrive - 한국산업기술대학교\바탕 화면\공부\졸작\paradiselost\cpp_server\server\libraries\debug\servercore.lib
c:\users\gigabyte\onedrive - 한국산업기술대학교\바탕 화면\공부\졸작\paradiselost\cpp_server\server\servercore\x64\debug\servercore.tlog\cl.command.1.tlog
c:\users\gigabyte\onedrive - 한국산업기술대학교\바탕 화면\공부\졸작\paradiselost\cpp_server\server\servercore\x64\debug\servercore.tlog\cl.read.1.tlog
c:\users\gigabyte\onedrive - 한국산업기술대학교\바탕 화면\공부\졸작\paradiselost\cpp_server\server\servercore\x64\debug\servercore.tlog\cl.write.1.tlog
c:\users\gigabyte\onedrive - 한국산업기술대학교\바탕 화면\공부\졸작\paradiselost\cpp_server\server\servercore\x64\debug\servercore.tlog\lib-link.read.1.tlog
c:\users\gigabyte\onedrive - 한국산업기술대학교\바탕 화면\공부\졸작\paradiselost\cpp_server\server\servercore\x64\debug\servercore.tlog\lib-link.write.1.tlog
c:\users\gigabyte\onedrive - 한국산업기술대학교\바탕 화면\공부\졸작\paradiselost\cpp_server\server\servercore\x64\debug\servercore.tlog\lib.command.1.tlog
