Unity Editor version:    2021.3.20f1 (577897200b8b)
Branch:                  2021.3/staging
Build type:              Release
Batch mode:              YES
macOS version:           Version 13.2.1 (Build 22D68)
Darwin version:          22.3.0
Architecture:            arm64
Running under Rosetta:   NO
Available memory:        16384 MB
Using pre-set license
Pro License: YES

COMMAND LINE ARGUMENTS:
/Applications/Unity/Hub/Editor/2021.3.20f1/Unity.app/Contents/MacOS/Unity
-adb2
-batchMode
-noUpm
-name
AssetImportWorker0
-projectPath
/Users/leeminsik/Documents/GitHub/paradiselost/paradiselost-client/paradiselost-client
-logFile
Logs/AssetImportWorker0.log
-srvPort
52407
Successfully changed project path to: /Users/leeminsik/Documents/GitHub/paradiselost/paradiselost-client/paradiselost-client
/Users/leeminsik/Documents/GitHub/paradiselost/paradiselost-client/paradiselost-client
[UnityMemory] Configuration Parameters - Can be set up in boot.config
    "memorysetup-bucket-allocator-granularity=16"
    "memorysetup-bucket-allocator-bucket-count=8"
    "memorysetup-bucket-allocator-block-size=33554432"
    "memorysetup-bucket-allocator-block-count=8"
    "memorysetup-main-allocator-block-size=16777216"
    "memorysetup-thread-allocator-block-size=16777216"
    "memorysetup-gfx-main-allocator-block-size=16777216"
    "memorysetup-gfx-thread-allocator-block-size=16777216"
    "memorysetup-cache-allocator-block-size=4194304"
    "memorysetup-typetree-allocator-block-size=2097152"
    "memorysetup-profiler-bucket-allocator-granularity=16"
    "memorysetup-profiler-bucket-allocator-bucket-count=8"
    "memorysetup-profiler-bucket-allocator-block-size=33554432"
    "memorysetup-profiler-bucket-allocator-block-count=8"
    "memorysetup-profiler-allocator-block-size=16777216"
    "memorysetup-profiler-editor-allocator-block-size=1048576"
    "memorysetup-temp-allocator-size-main=16777216"
    "memorysetup-job-temp-allocator-block-size=2097152"
    "memorysetup-job-temp-allocator-block-size-background=1048576"
    "memorysetup-job-temp-allocator-reduction-small-platforms=262144"
    "memorysetup-temp-allocator-size-background-worker=32768"
    "memorysetup-temp-allocator-size-job-worker=262144"
    "memorysetup-temp-allocator-size-preload-manager=33554432"
    "memorysetup-temp-allocator-size-nav-mesh-worker=65536"
    "memorysetup-temp-allocator-size-audio-worker=65536"
    "memorysetup-temp-allocator-size-cloud-worker=32768"
    "memorysetup-temp-allocator-size-gi-baking-worker=262144"
    "memorysetup-temp-allocator-size-gfx=262144"
Player connection [8673804608] Host "[IP] 192.168.0.27 [Port] 0 [Flags] 2 [Guid] 2906922341 [EditorId] 2906922341 [Version] 1048832 [Id] OSXEditor(0,iminsigs-MacBook-Pro.local) [Debug] 1 [PackageName] OSXEditor [ProjectName] Editor" joined multi-casting on [225.0.0.222:54997]...

Player connection [8673804608] Host "[IP] 192.168.0.27 [Port] 0 [Flags] 2 [Guid] 2906922341 [EditorId] 2906922341 [Version] 1048832 [Id] OSXEditor(0,iminsigs-MacBook-Pro.local) [Debug] 1 [PackageName] OSXEditor [ProjectName] Editor" joined alternative multi-casting on [225.0.0.222:34997]...

Refreshing native plugins compatible for Editor in 51.08 ms, found 2 plugins.
Preloading 0 native plugins for Editor in 0.00 ms.
Initialize engine version: 2021.3.20f1 (577897200b8b)
[Subsystems] Discovering subsystems at path /Applications/Unity/Hub/Editor/2021.3.20f1/Unity.app/Contents/Resources/UnitySubsystems
[Subsystems] Discovering subsystems at path /Users/leeminsik/Documents/GitHub/paradiselost/paradiselost-client/paradiselost-client/Assets
GfxDevice: creating device client; threaded=0; jobified=0
 preferred device: Apple M1 Pro (high power)
Metal devices available: 1
0: Apple M1 Pro (high power)
Using device Apple M1 Pro (high power)
Initializing Metal device caps: Apple M1 Pro
Initialize mono
Mono path[0] = '/Applications/Unity/Hub/Editor/2021.3.20f1/Unity.app/Contents/Managed'
Mono path[1] = '/Applications/Unity/Hub/Editor/2021.3.20f1/Unity.app/Contents/MonoBleedingEdge/lib/mono/unityjit-macos'
Mono config path = '/Applications/Unity/Hub/Editor/2021.3.20f1/Unity.app/Contents/MonoBleedingEdge/etc'
Using monoOptions --debugger-agent=transport=dt_socket,embedding=1,server=y,suspend=n,address=127.0.0.1:56686
Begin MonoManager ReloadAssembly
Registering precompiled unity dll's ...
Register platform support module: /Applications/Unity/Hub/Editor/2021.3.20f1/PlaybackEngines/WebGLSupport/UnityEditor.WebGL.Extensions.dll
Register platform support module: /Applications/Unity/Hub/Editor/2021.3.20f1/Unity.app/Contents/PlaybackEngines/MacStandaloneSupport/UnityEditor.OSXStandalone.Extensions.dll
Registered in 0.000499 seconds.
Native extension for OSXStandalone target not found
Native extension for WebGL target not found
Refreshing native plugins compatible for Editor in 55.09 ms, found 2 plugins.
Preloading 0 native plugins for Editor in 0.00 ms.
Mono: successfully reloaded assembly
- Completed reload, in  0.441 seconds
Domain Reload Profiling:
	ReloadAssembly (441ms)
		BeginReloadAssembly (74ms)
			ExecutionOrderSort (0ms)
			DisableScriptedObjects (0ms)
			BackupInstance (0ms)
			ReleaseScriptingObjects (0ms)
			CreateAndSetChildDomain (0ms)
		EndReloadAssembly (304ms)
			LoadAssemblies (74ms)
			RebuildTransferFunctionScriptingTraits (0ms)
			SetupTypeCache (79ms)
			ReleaseScriptCaches (0ms)
			RebuildScriptCaches (24ms)
			SetupLoadedEditorAssemblies (174ms)
				LogAssemblyErrors (0ms)
				InitializePlatformSupportModulesInManaged (4ms)
				SetLoadedEditorAssemblies (0ms)
				RefreshPlugins (55ms)
				BeforeProcessingInitializeOnLoad (1ms)
				ProcessInitializeOnLoadAttributes (87ms)
				ProcessInitializeOnLoadMethodAttributes (27ms)
				AfterProcessingInitializeOnLoad (0ms)
				EditorAssembliesLoaded (0ms)
			ExecutionOrderSort2 (0ms)
			AwakeInstancesAfterBackupRestoration (0ms)
Platform modules already initialized, skipping
Registering precompiled user dll's ...
Registered in 0.001270 seconds.
Begin MonoManager ReloadAssembly
Symbol file LoadedFromMemory doesn't match image /Users/leeminsik/Documents/GitHub/paradiselost/paradiselost-client/paradiselost-client/Library/PackageCache/com.unity.visualscripting@1.8.0/Editor/VisualScripting.Core/Dependencies/YamlDotNet/Unity.VisualScripting.YamlDotNet.dll
Symbol file LoadedFromMemory doesn't match image /Users/leeminsik/Documents/GitHub/paradiselost/paradiselost-client/paradiselost-client/Library/PackageCache/com.unity.visualscripting@1.8.0/Editor/VisualScripting.Core/Dependencies/DotNetZip/Unity.VisualScripting.IonicZip.dll
Native extension for OSXStandalone target not found
Native extension for WebGL target not found
Refreshing native plugins compatible for Editor in 0.28 ms, found 2 plugins.
Preloading 0 native plugins for Editor in 0.00 ms.
Mono: successfully reloaded assembly
- Completed reload, in  0.587 seconds
Domain Reload Profiling:
	ReloadAssembly (587ms)
		BeginReloadAssembly (68ms)
			ExecutionOrderSort (0ms)
			DisableScriptedObjects (3ms)
			BackupInstance (0ms)
			ReleaseScriptingObjects (0ms)
			CreateAndSetChildDomain (15ms)
		EndReloadAssembly (449ms)
			LoadAssemblies (38ms)
			RebuildTransferFunctionScriptingTraits (0ms)
			SetupTypeCache (164ms)
			ReleaseScriptCaches (0ms)
			RebuildScriptCaches (41ms)
			SetupLoadedEditorAssemblies (188ms)
				LogAssemblyErrors (0ms)
				InitializePlatformSupportModulesInManaged (3ms)
				SetLoadedEditorAssemblies (0ms)
				RefreshPlugins (0ms)
				BeforeProcessingInitializeOnLoad (43ms)
				ProcessInitializeOnLoadAttributes (130ms)
				ProcessInitializeOnLoadMethodAttributes (11ms)
				AfterProcessingInitializeOnLoad (1ms)
				EditorAssembliesLoaded (0ms)
			ExecutionOrderSort2 (0ms)
			AwakeInstancesAfterBackupRestoration (2ms)
Platform modules already initialized, skipping
========================================================================
Worker process is ready to serve import requests
Launching external process: /Applications/Unity/Hub/Editor/2021.3.20f1/Unity.app/Contents/Tools/UnityShaderCompiler
Launched and connected shader compiler UnityShaderCompiler after 0.06 seconds
Refreshing native plugins compatible for Editor in 0.62 ms, found 2 plugins.
Preloading 0 native plugins for Editor in 0.00 ms.
Unloading 2946 Unused Serialized files (Serialized files now loaded: 0)
Unloading 21 unused Assets / (296.0 KB). Loaded Objects now: 3409.
Memory consumption went from 99.4 MB to 99.1 MB.
Total: 2.189750 ms (FindLiveObjects: 0.103292 ms CreateObjectMapping: 0.035375 ms MarkObjects: 1.993959 ms  DeleteObjects: 0.056250 ms)

AssetImportParameters requested are different than current active one (requested -> active):
  custom:video-decoder-ogg-theora: a1e56fd34408186e4bbccfd4996cb3dc -> 
  custom:container-muxer-webm: aa71ff27fc2769a1b78a27578f13a17b -> 
  custom:container-demuxer-webm: 4f35f7cbe854078d1ac9338744f61a02 -> 
  custom:video-encoder-webm-vp8: eb34c28f22e8b96e1ab97ce403110664 -> 
  custom:framework-osx-AVFoundation: e770b220cccbd017edd2c1fefb359320 -> 
  custom:audio-encoder-webm-vorbis: bf7c407c2cedff20999df2af8eb42d56 -> 
  custom:container-demuxer-ogg: 62fdf1f143b41e24485cea50d1cbac27 -> 
  custom:video-decoder-webm-vp8: 9c59270c3fd7afecdb556c50c9e8de78 -> 
  custom:audio-decoder-ogg-vorbis: bf7c407c2cedff20999df2af8eb42d56 -> 
========================================================================
Received Import Request.
  Time since last request: 33034.702862 seconds.
  path: Assets/QuarterView 3D Action BE5/Readme.asset
  artifactKey: Guid(40de9ed37630dc5418b57960bb7be849) Importer(815301076,1909f56bfc062723c751e8b465ee728b)
Start importing Assets/QuarterView 3D Action BE5/Readme.asset using Guid(40de9ed37630dc5418b57960bb7be849) Importer(815301076,1909f56bfc062723c751e8b465ee728b)  -> (artifact id: 'dc06ff74198a36089741170d90a6706e') in 0.351986 seconds 
========================================================================
Received Import Request.
  Time since last request: 3.810125 seconds.
  path: Assets/Script/NetworkManager.cs
  artifactKey: Guid(352aaa22c78f67f4c818a999c8fea07d) Importer(815301076,1909f56bfc062723c751e8b465ee728b)
Start importing Assets/Script/NetworkManager.cs using Guid(352aaa22c78f67f4c818a999c8fea07d) Importer(815301076,1909f56bfc062723c751e8b465ee728b)  -> (artifact id: '0a856bb4806d39ebfb76be6660f7694a') in 0.946367 seconds 
========================================================================
Received Import Request.
  Time since last request: 12.148651 seconds.
  path: Assets/Script/Packet
  artifactKey: Guid(d7f8986efb4c72b48b624e5c59673291) Importer(815301076,1909f56bfc062723c751e8b465ee728b)
Start importing Assets/Script/Packet using Guid(d7f8986efb4c72b48b624e5c59673291) Importer(815301076,1909f56bfc062723c751e8b465ee728b)  -> (artifact id: '9c7f86b422d05f82c9d60a549dc0af31') in 0.000604 seconds 
========================================================================
Received Import Request.
  Time since last request: 1.536094 seconds.
  path: Assets/Script/Packet/PacketHandler.cs
  artifactKey: Guid(a7ba59c165446164d8ab73f8ee604ef0) Importer(815301076,1909f56bfc062723c751e8b465ee728b)
Start importing Assets/Script/Packet/PacketHandler.cs using Guid(a7ba59c165446164d8ab73f8ee604ef0) Importer(815301076,1909f56bfc062723c751e8b465ee728b)  -> (artifact id: '4fa7d73e5bb6d175670af11b70805f2f') in 0.001090 seconds 
========================================================================
Received Import Request.
  Time since last request: 109.177258 seconds.
  path: Assets/Prefabs/Bullet Case.prefab
  artifactKey: Guid(85a23c10e7778144baef09ffe1b136ee) Importer(815301076,1909f56bfc062723c751e8b465ee728b)
Start importing Assets/Prefabs/Bullet Case.prefab using Guid(85a23c10e7778144baef09ffe1b136ee) Importer(815301076,1909f56bfc062723c751e8b465ee728b)  -> (artifact id: 'a591aa26584bfcd728719bd6af0fd9cf') in 0.408140 seconds 
========================================================================
Received Import Request.
  Time since last request: 0.000099 seconds.
  path: Assets/Prefabs/WorldSpace.prefab
  artifactKey: Guid(51906556262665942afd60a95134cda7) Importer(815301076,1909f56bfc062723c751e8b465ee728b)
Start importing Assets/Prefabs/WorldSpace.prefab using Guid(51906556262665942afd60a95134cda7) Importer(815301076,1909f56bfc062723c751e8b465ee728b)  -> (artifact id: '2279aef6188e29d764ba33f2108ab417') in 0.089270 seconds 
========================================================================
Received Import Request.
  Time since last request: 14.278197 seconds.
  path: Assets/Prefabs/Player/Joint_Head.prefab
  artifactKey: Guid(597d494bacb77774fa7e4549c3c3f34d) Importer(815301076,1909f56bfc062723c751e8b465ee728b)
Start importing Assets/Prefabs/Player/Joint_Head.prefab using Guid(597d494bacb77774fa7e4549c3c3f34d) Importer(815301076,1909f56bfc062723c751e8b465ee728b)  -> (artifact id: 'dc7e592862109ca8a42546ddbb648e93') in 0.003030 seconds 
========================================================================
Received Import Request.
  Time since last request: 0.000045 seconds.
  path: Assets/Prefabs/Player/RollingChest.fbx
  artifactKey: Guid(9e744cea3a44e834497b58c550d4b691) Importer(815301076,1909f56bfc062723c751e8b465ee728b)
Start importing Assets/Prefabs/Player/RollingChest.fbx using Guid(9e744cea3a44e834497b58c550d4b691) Importer(815301076,1909f56bfc062723c751e8b465ee728b)  -> (artifact id: '0e1606e68e28533239c535d8cfe95043') in 0.264519 seconds 
========================================================================
Received Import Request.
  Time since last request: 0.000067 seconds.
  path: Assets/Prefabs/Player/Speed_HEAD.fbx
  artifactKey: Guid(94be9ac9200610f47a0f7f23e38df1a6) Importer(815301076,1909f56bfc062723c751e8b465ee728b)
Start importing Assets/Prefabs/Player/Speed_HEAD.fbx using Guid(94be9ac9200610f47a0f7f23e38df1a6) Importer(815301076,1909f56bfc062723c751e8b465ee728b)  -> (artifact id: '13e29b8ecee4c71ec4144b63f1208b26') in 0.016847 seconds 
========================================================================
Received Import Request.
  Time since last request: 0.000276 seconds.
  path: Assets/Prefabs/Player/Speed_body1.fbx
  artifactKey: Guid(874d01727b56c844191d7a4cb0ca565f) Importer(815301076,1909f56bfc062723c751e8b465ee728b)
Start importing Assets/Prefabs/Player/Speed_body1.fbx using Guid(874d01727b56c844191d7a4cb0ca565f) Importer(815301076,1909f56bfc062723c751e8b465ee728b)  -> (artifact id: '99d585d490f0dec821cfc1e57a982057') in 0.078891 seconds 
========================================================================
Received Import Request.
  Time since last request: 64.595811 seconds.
  path: Assets/Prefabs/Player/Sh
  artifactKey: Guid(8838f995e58089740bcfe8a413979c22) Importer(815301076,1909f56bfc062723c751e8b465ee728b)
Start importing Assets/Prefabs/Player/Sh using Guid(8838f995e58089740bcfe8a413979c22) Importer(815301076,1909f56bfc062723c751e8b465ee728b)  -> (artifact id: 'ee2bb711375aae4f07c1e90d21b7bdf1') in 0.001646 seconds 
========================================================================
Received Import Request.
  Time since last request: 2.249128 seconds.
  path: Assets/Prefabs/Player/po
  artifactKey: Guid(a90c60f1d52a62747b107afec1eb912c) Importer(815301076,1909f56bfc062723c751e8b465ee728b)
Start importing Assets/Prefabs/Player/po using Guid(a90c60f1d52a62747b107afec1eb912c) Importer(815301076,1909f56bfc062723c751e8b465ee728b)  -> (artifact id: '210b620e432e66ffb25ea97987d3a9e4') in 0.000595 seconds 
========================================================================
Received Import Request.
  Time since last request: 1.776974 seconds.
  path: Assets/Prefabs/Player/Sp
  artifactKey: Guid(ae0cdd6ca0b4a7d4a8d8b6f19c0611ef) Importer(815301076,1909f56bfc062723c751e8b465ee728b)
Start importing Assets/Prefabs/Player/Sp using Guid(ae0cdd6ca0b4a7d4a8d8b6f19c0611ef) Importer(815301076,1909f56bfc062723c751e8b465ee728b)  -> (artifact id: '520953af689126244b85aaecc9b2aba9') in 0.001045 seconds 
