  AStar.cpp
\\Mac\Home\Desktop\공부\졸업작품\paradiselost\Server\Server\Server\Session.h(25,8): error C3646: '_s_lock': 알 수 없는 재정의 지정자입니다.
\\Mac\Home\Desktop\공부\졸업작품\paradiselost\Server\Server\Server\Session.h(25,15): error C4430: 형식 지정자가 없습니다. int로 가정합니다. 참고: C++에서는 기본 int를 지원하지 않습니다.
\\Mac\Home\Desktop\공부\졸업작품\paradiselost\Server\Server\Server\Session.h(27,8): error C3646: '_stage_lock': 알 수 없는 재정의 지정자입니다.
\\Mac\Home\Desktop\공부\졸업작품\paradiselost\Server\Server\Server\Session.h(27,19): error C4430: 형식 지정자가 없습니다. int로 가정합니다. 참고: C++에서는 기본 int를 지원하지 않습니다.
\\Mac\Home\Desktop\공부\졸업작품\paradiselost\Server\Server\Server\Session.h(35,8): error C3646: '_a_lock': 알 수 없는 재정의 지정자입니다.
\\Mac\Home\Desktop\공부\졸업작품\paradiselost\Server\Server\Server\Session.h(35,15): error C4430: 형식 지정자가 없습니다. int로 가정합니다. 참고: C++에서는 기본 int를 지원하지 않습니다.
\\Mac\Home\Desktop\공부\졸업작품\paradiselost\Server\Server\Server\Session.h(53,8): error C3646: '_vl': 알 수 없는 재정의 지정자입니다.
\\Mac\Home\Desktop\공부\졸업작품\paradiselost\Server\Server\Server\Session.h(53,11): error C4430: 형식 지정자가 없습니다. int로 가정합니다. 참고: C++에서는 기본 int를 지원하지 않습니다.
\\Mac\Home\Desktop\공부\졸업작품\paradiselost\Server\Server\Server\Session.h(54,8): error C3646: '_sl': 알 수 없는 재정의 지정자입니다.
\\Mac\Home\Desktop\공부\졸업작품\paradiselost\Server\Server\Server\Session.h(54,11): error C4430: 형식 지정자가 없습니다. int로 가정합니다. 참고: C++에서는 기본 int를 지원하지 않습니다.
\\Mac\Home\Desktop\공부\졸업작품\paradiselost\Server\Server\Server\Session.h(57,8): error C3646: '_ll': 알 수 없는 재정의 지정자입니다.
\\Mac\Home\Desktop\공부\졸업작품\paradiselost\Server\Server\Server\Session.h(57,11): error C4430: 형식 지정자가 없습니다. int로 가정합니다. 참고: C++에서는 기본 int를 지원하지 않습니다.
\\Mac\Home\Desktop\공부\졸업작품\paradiselost\Server\Server\Server\AStar.cpp(129,18): error C2039: '_a_lock': 'Session'의 멤버가 아닙니다.
\\Mac\Home\Desktop\공부\졸업작품\paradiselost\Server\Server\Server\Session.h(21,7): message : 'Session' 선언을 참조하십시오.
\\Mac\Home\Desktop\공부\졸업작품\paradiselost\Server\Server\Server\AStar.cpp(143,18): error C2039: '_a_lock': 'Session'의 멤버가 아닙니다.
\\Mac\Home\Desktop\공부\졸업작품\paradiselost\Server\Server\Server\Session.h(21,7): message : 'Session' 선언을 참조하십시오.
\\Mac\Home\Desktop\공부\졸업작품\paradiselost\Server\Server\Server\AStar.cpp(205,18): error C2039: '_a_lock': 'Session'의 멤버가 아닙니다.
\\Mac\Home\Desktop\공부\졸업작품\paradiselost\Server\Server\Server\Session.h(21,7): message : 'Session' 선언을 참조하십시오.
\\Mac\Home\Desktop\공부\졸업작품\paradiselost\Server\Server\Server\AStar.cpp(207,18): error C2039: '_a_lock': 'Session'의 멤버가 아닙니다.
\\Mac\Home\Desktop\공부\졸업작품\paradiselost\Server\Server\Server\Session.h(21,7): message : 'Session' 선언을 참조하십시오.
  DB.cpp
\\Mac\Home\Desktop\공부\졸업작품\paradiselost\Server\Server\Server\DB.h(8,10): error C3646: 'henv': 알 수 없는 재정의 지정자입니다.
\\Mac\Home\Desktop\공부\졸업작품\paradiselost\Server\Server\Server\DB.h(8,14): error C4430: 형식 지정자가 없습니다. int로 가정합니다. 참고: C++에서는 기본 int를 지원하지 않습니다.
\\Mac\Home\Desktop\공부\졸업작품\paradiselost\Server\Server\Server\DB.h(9,10): error C3646: 'hdbc': 알 수 없는 재정의 지정자입니다.
\\Mac\Home\Desktop\공부\졸업작품\paradiselost\Server\Server\Server\DB.h(9,14): error C4430: 형식 지정자가 없습니다. int로 가정합니다. 참고: C++에서는 기본 int를 지원하지 않습니다.
\\Mac\Home\Desktop\공부\졸업작품\paradiselost\Server\Server\Server\DB.h(10,11): error C3646: 'hstmt': 알 수 없는 재정의 지정자입니다.
\\Mac\Home\Desktop\공부\졸업작품\paradiselost\Server\Server\Server\DB.h(10,17): error C2059: 구문 오류: '='
\\Mac\Home\Desktop\공부\졸업작품\paradiselost\Server\Server\Server\DB.h(10,20): error C2238: ';' 앞에 예기치 않은 토큰이 있습니다.
\\Mac\Home\Desktop\공부\졸업작품\paradiselost\Server\Server\Server\DB.h(11,12): error C3646: 'retcode': 알 수 없는 재정의 지정자입니다.
\\Mac\Home\Desktop\공부\졸업작품\paradiselost\Server\Server\Server\DB.h(11,19): error C4430: 형식 지정자가 없습니다. int로 가정합니다. 참고: C++에서는 기본 int를 지원하지 않습니다.
\\Mac\Home\Desktop\공부\졸업작품\paradiselost\Server\Server\Server\DB.h(17,18): error C2061: 구문 오류: 식별자 'SQLHANDLE'
\\Mac\Home\Desktop\공부\졸업작품\paradiselost\Server\Server\Server\DB.h(28,19): error C4430: 형식 지정자가 없습니다. int로 가정합니다. 참고: C++에서는 기본 int를 지원하지 않습니다.
\\Mac\Home\Desktop\공부\졸업작품\paradiselost\Server\Server\Server\DB.h(28,14): error C2146: 구문 오류: ';'이(가) '_db_l' 식별자 앞에 없습니다.
C:\Program Files\Microsoft Visual Studio\2022\Community\VC\Tools\MSVC\14.37.32822\include\format(43): warning STL4038: The contents of <format> are available only with C++20 or later.
\\Mac\Home\Desktop\공부\졸업작품\paradiselost\Server\Server\Server\DB.cpp(14,1): error C2872: 'mutex': 모호한 기호입니다.
\\Mac\Home\Desktop\공부\졸업작품\paradiselost\Server\Server\Server\DB.h(28,8): message : 'int mutex'일 수 있습니다.
C:\Program Files\Microsoft Visual Studio\2022\Community\VC\Tools\MSVC\14.37.32822\include\mutex(132,19): message : 또는       'std::mutex'
\\Mac\Home\Desktop\공부\졸업작품\paradiselost\Server\Server\Server\DB.cpp(14,12): error C4430: 형식 지정자가 없습니다. int로 가정합니다. 참고: C++에서는 기본 int를 지원하지 않습니다.
\\Mac\Home\Desktop\공부\졸업작품\paradiselost\Server\Server\Server\DB.cpp(14,7): error C2146: 구문 오류: ';'이(가) '_db_l' 식별자 앞에 없습니다.
\\Mac\Home\Desktop\공부\졸업작품\paradiselost\Server\Server\Server\DB.cpp(16,10): error C2511: 'void DB::show_error(SQLHANDLE,SQLSMALLINT,RETCODE)': 오버로드된 멤버 함수가 'DB'에 없습니다.
\\Mac\Home\Desktop\공부\졸업작품\paradiselost\Server\Server\Server\DB.h(5,7): message : 'DB' 선언을 참조하십시오.
\\Mac\Home\Desktop\공부\졸업작품\paradiselost\Server\Server\Server\DB.cpp(49,5): error C2065: 'retcode': 선언되지 않은 식별자입니다.
\\Mac\Home\Desktop\공부\졸업작품\paradiselost\Server\Server\Server\DB.cpp(49,64): error C2065: 'henv': 선언되지 않은 식별자입니다.
\\Mac\Home\Desktop\공부\졸업작품\paradiselost\Server\Server\Server\DB.cpp(51,9): error C2065: 'retcode': 선언되지 않은 식별자입니다.
\\Mac\Home\Desktop\공부\졸업작품\paradiselost\Server\Server\Server\DB.cpp(51,35): error C2065: 'retcode': 선언되지 않은 식별자입니다.
\\Mac\Home\Desktop\공부\졸업작품\paradiselost\Server\Server\Server\DB.cpp(52,9): error C2065: 'retcode': 선언되지 않은 식별자입니다.
\\Mac\Home\Desktop\공부\졸업작품\paradiselost\Server\Server\Server\DB.cpp(52,33): error C2065: 'henv': 선언되지 않은 식별자입니다.
\\Mac\Home\Desktop\공부\졸업작품\paradiselost\Server\Server\Server\DB.cpp(54,13): error C2065: 'retcode': 선언되지 않은 식별자입니다.
\\Mac\Home\Desktop\공부\졸업작품\paradiselost\Server\Server\Server\DB.cpp(54,39): error C2065: 'retcode': 선언되지 않은 식별자입니다.
\\Mac\Home\Desktop\공부\졸업작품\paradiselost\Server\Server\Server\DB.cpp(55,44): error C2065: 'henv': 선언되지 않은 식별자입니다.
\\Mac\Home\Desktop\공부\졸업작품\paradiselost\Server\Server\Server\DB.cpp(55,51): error C2065: 'hdbc': 선언되지 않은 식별자입니다.
\\Mac\Home\Desktop\공부\졸업작품\paradiselost\Server\Server\Server\DB.cpp(57,17): error C2065: 'retcode': 선언되지 않은 식별자입니다.
\\Mac\Home\Desktop\공부\졸업작품\paradiselost\Server\Server\Server\DB.cpp(57,43): error C2065: 'retcode': 선언되지 않은 식별자입니다.
\\Mac\Home\Desktop\공부\졸업작품\paradiselost\Server\Server\Server\DB.cpp(58,35): error C2065: 'hdbc': 선언되지 않은 식별자입니다.
\\Mac\Home\Desktop\공부\졸업작품\paradiselost\Server\Server\Server\DB.cpp(60,17): error C2065: 'retcode': 선언되지 않은 식별자입니다.
\\Mac\Home\Desktop\공부\졸업작품\paradiselost\Server\Server\Server\DB.cpp(60,38): error C2065: 'hdbc': 선언되지 않은 식별자입니다.
\\Mac\Home\Desktop\공부\졸업작품\paradiselost\Server\Server\Server\DB.cpp(62,21): error C2065: 'retcode': 선언되지 않은 식별자입니다.
\\Mac\Home\Desktop\공부\졸업작품\paradiselost\Server\Server\Server\DB.cpp(63,32): error C2065: 'hstmt': 선언되지 않은 식별자입니다.
\\Mac\Home\Desktop\공부\졸업작품\paradiselost\Server\Server\Server\DB.cpp(63,56): error C2065: 'retcode': 선언되지 않은 식별자입니다.
\\Mac\Home\Desktop\공부\졸업작품\paradiselost\Server\Server\Server\DB.cpp(75,15): error C2065: 'hstmt': 선언되지 않은 식별자입니다.
\\Mac\Home\Desktop\공부\졸업작품\paradiselost\Server\Server\Server\DB.cpp(76,36): error C2065: 'hstmt': 선언되지 않은 식별자입니다.
\\Mac\Home\Desktop\공부\졸업작품\paradiselost\Server\Server\Server\DB.cpp(77,19): error C2065: 'hdbc': 선언되지 않은 식별자입니다.
\\Mac\Home\Desktop\공부\졸업작품\paradiselost\Server\Server\Server\DB.cpp(78,35): error C2065: 'hdbc': 선언되지 않은 식별자입니다.
\\Mac\Home\Desktop\공부\졸업작품\paradiselost\Server\Server\Server\DB.cpp(79,35): error C2065: 'henv': 선언되지 않은 식별자입니다.
\\Mac\Home\Desktop\공부\졸업작품\paradiselost\Server\Server\Server\DB.cpp(87,5): error C2065: 'retcode': 선언되지 않은 식별자입니다.
\\Mac\Home\Desktop\공부\졸업작품\paradiselost\Server\Server\Server\DB.cpp(87,47): error C2065: 'hdbc': 선언되지 않은 식별자입니다.
\\Mac\Home\Desktop\공부\졸업작품\paradiselost\Server\Server\Server\DB.cpp(87,54): error C2065: 'hstmt': 선언되지 않은 식별자입니다.
\\Mac\Home\Desktop\공부\졸업작품\paradiselost\Server\Server\Server\DB.cpp(93,5): error C2065: 'retcode': 선언되지 않은 식별자입니다.
\\Mac\Home\Desktop\공부\졸업작품\paradiselost\Server\Server\Server\DB.cpp(93,29): error C2065: 'hstmt': 선언되지 않은 식별자입니다.
\\Mac\Home\Desktop\공부\졸업작품\paradiselost\Server\Server\Server\DB.cpp(95,9): error C2065: 'retcode': 선언되지 않은 식별자입니다.
\\Mac\Home\Desktop\공부\졸업작품\paradiselost\Server\Server\Server\DB.cpp(95,35): error C2065: 'retcode': 선언되지 않은 식별자입니다.
\\Mac\Home\Desktop\공부\졸업작품\paradiselost\Server\Server\Server\DB.cpp(96,9): error C2065: 'retcode': 선언되지 않은 식별자입니다.
\\Mac\Home\Desktop\공부\졸업작품\paradiselost\Server\Server\Server\DB.cpp(96,30): error C2065: 'hstmt': 선언되지 않은 식별자입니다.
\\Mac\Home\Desktop\공부\졸업작품\paradiselost\Server\Server\Server\DB.cpp(99,13): error C2065: 'retcode': 선언되지 않은 식별자입니다.
\\Mac\Home\Desktop\공부\졸업작품\paradiselost\Server\Server\Server\DB.cpp(99,32): error C2065: 'hstmt': 선언되지 않은 식별자입니다.
\\Mac\Home\Desktop\공부\졸업작품\paradiselost\Server\Server\Server\DB.cpp(100,17): error C2065: 'retcode': 선언되지 않은 식별자입니다.
\\Mac\Home\Desktop\공부\졸업작품\paradiselost\Server\Server\Server\DB.cpp(101,28): error C2065: 'hstmt': 선언되지 않은 식별자입니다.
\\Mac\Home\Desktop\공부\졸업작품\paradiselost\Server\Server\Server\DB.cpp(101,52): error C2065: 'retcode': 선언되지 않은 식별자입니다.
\\Mac\Home\Desktop\공부\졸업작품\paradiselost\Server\Server\Server\DB.cpp(102,22): error C2065: 'retcode': 선언되지 않은 식별자입니다.
\\Mac\Home\Desktop\공부\졸업작품\paradiselost\Server\Server\Server\DB.cpp(102,48): error C2065: 'retcode': 선언되지 않은 식별자입니다.
\\Mac\Home\Desktop\공부\졸업작품\paradiselost\Server\Server\Server\DB.cpp(111,20): error C2065: 'hstmt': 선언되지 않은 식별자입니다.
\\Mac\Home\Desktop\공부\졸업작품\paradiselost\Server\Server\Server\DB.cpp(111,44): error C2065: 'retcode': 선언되지 않은 식별자입니다.
\\Mac\Home\Desktop\공부\졸업작품\paradiselost\Server\Server\Server\DB.cpp(112,19): error C2065: 'hstmt': 선언되지 않은 식별자입니다.
\\Mac\Home\Desktop\공부\졸업작품\paradiselost\Server\Server\Server\DB.cpp(113,40): error C2065: 'hstmt': 선언되지 않은 식별자입니다.
\\Mac\Home\Desktop\공부\졸업작품\paradiselost\Server\Server\Server\DB.cpp(130,5): error C2065: 'retcode': 선언되지 않은 식별자입니다.
\\Mac\Home\Desktop\공부\졸업작품\paradiselost\Server\Server\Server\DB.cpp(130,47): error C2065: 'hdbc': 선언되지 않은 식별자입니다.
\\Mac\Home\Desktop\공부\졸업작품\paradiselost\Server\Server\Server\DB.cpp(130,54): error C2065: 'hstmt': 선언되지 않은 식별자입니다.
\\Mac\Home\Desktop\공부\졸업작품\paradiselost\Server\Server\Server\DB.cpp(134,5): error C2065: 'retcode': 선언되지 않은 식별자입니다.
\\Mac\Home\Desktop\공부\졸업작품\paradiselost\Server\Server\Server\DB.cpp(134,29): error C2065: 'hstmt': 선언되지 않은 식별자입니다.
\\Mac\Home\Desktop\공부\졸업작품\paradiselost\Server\Server\Server\DB.cpp(136,9): error C2065: 'retcode': 선언되지 않은 식별자입니다.
\\Mac\Home\Desktop\공부\졸업작품\paradiselost\Server\Server\Server\DB.cpp(136,35): error C2065: 'retcode': 선언되지 않은 식별자입니다.
\\Mac\Home\Desktop\공부\졸업작품\paradiselost\Server\Server\Server\DB.cpp(137,9): error C2065: 'retcode': 선언되지 않은 식별자입니다.
\\Mac\Home\Desktop\공부\졸업작품\paradiselost\Server\Server\Server\DB.cpp(137,30): error C2065: 'hstmt': 선언되지 않은 식별자입니다.
\\Mac\Home\Desktop\공부\졸업작품\paradiselost\Server\Server\Server\DB.cpp(138,9): error C2065: 'retcode': 선언되지 않은 식별자입니다.
\\Mac\Home\Desktop\공부\졸업작품\paradiselost\Server\Server\Server\DB.cpp(138,30): error C2065: 'hstmt': 선언되지 않은 식별자입니다.
\\Mac\Home\Desktop\공부\졸업작품\paradiselost\Server\Server\Server\DB.cpp(139,9): error C2065: 'retcode': 선언되지 않은 식별자입니다.
\\Mac\Home\Desktop\공부\졸업작품\paradiselost\Server\Server\Server\DB.cpp(139,30): error C2065: 'hstmt': 선언되지 않은 식별자입니다.
\\Mac\Home\Desktop\공부\졸업작품\paradiselost\Server\Server\Server\DB.cpp(140,9): error C2065: 'retcode': 선언되지 않은 식별자입니다.
\\Mac\Home\Desktop\공부\졸업작품\paradiselost\Server\Server\Server\DB.cpp(140,30): error C2065: 'hstmt': 선언되지 않은 식별자입니다.
\\Mac\Home\Desktop\공부\졸업작품\paradiselost\Server\Server\Server\DB.cpp(141,9): error C2065: 'retcode': 선언되지 않은 식별자입니다.
\\Mac\Home\Desktop\공부\졸업작품\paradiselost\Server\Server\Server\DB.cpp(141,30): error C2065: 'hstmt': 선언되지 않은 식별자입니다.
\\Mac\Home\Desktop\공부\졸업작품\paradiselost\Server\Server\Server\DB.cpp(142,9): error C2065: 'retcode': 선언되지 않은 식별자입니다.
\\Mac\Home\Desktop\공부\졸업작품\paradiselost\Server\Server\Server\DB.cpp(142,30): error C2065: 'hstmt': 선언되지 않은 식별자입니다.
\\Mac\Home\Desktop\공부\졸업작품\paradiselost\Server\Server\Server\DB.cpp(143,9): error C2065: 'retcode': 선언되지 않은 식별자입니다.
\\Mac\Home\Desktop\공부\졸업작품\paradiselost\Server\Server\Server\DB.cpp(143,30): error C2065: 'hstmt': 선언되지 않은 식별자입니다.
\\Mac\Home\Desktop\공부\졸업작품\paradiselost\Server\Server\Server\DB.cpp(144,9): error C2065: 'retcode': 선언되지 않은 식별자입니다.
\\Mac\Home\Desktop\공부\졸업작품\paradiselost\Server\Server\Server\DB.cpp(144,30): error C2065: 'hstmt': 선언되지 않은 식별자입니다.
\\Mac\Home\Desktop\공부\졸업작품\paradiselost\Server\Server\Server\DB.cpp(145,9): error C2065: 'retcode': 선언되지 않은 식별자입니다.
\\Mac\Home\Desktop\공부\졸업작품\paradiselost\Server\Server\Server\DB.cpp(145,30): error C2065: 'hstmt': 선언되지 않은 식별자입니다.
\\Mac\Home\Desktop\공부\졸업작품\paradiselost\Server\Server\Server\DB.cpp(148,13): error C2065: 'retcode': 선언되지 않은 식별자입니다.
\\Mac\Home\Desktop\공부\졸업작품\paradiselost\Server\Server\Server\DB.cpp(148,32): error C2065: 'hstmt': 선언되지 않은 식별자입니다.
\\Mac\Home\Desktop\공부\졸업작품\paradiselost\Server\Server\Server\DB.cpp(149,17): error C2065: 'retcode': 선언되지 않은 식별자입니다.
\\Mac\Home\Desktop\공부\졸업작품\paradiselost\Server\Server\Server\DB.cpp(150,28): error C2065: 'hstmt': 선언되지 않은 식별자입니다.
\\Mac\Home\Desktop\공부\졸업작품\paradiselost\Server\Server\Server\DB.cpp(150,52): error C2065: 'retcode': 선언되지 않은 식별자입니다.
\\Mac\Home\Desktop\공부\졸업작품\paradiselost\Server\Server\Server\DB.cpp(151,22): error C2065: 'retcode': 선언되지 않은 식별자입니다.
\\Mac\Home\Desktop\공부\졸업작품\paradiselost\Server\Server\Server\DB.cpp(151,48): error C2065: 'retcode': 선언되지 않은 식별자입니다.
\\Mac\Home\Desktop\공부\졸업작품\paradiselost\Server\Server\Server\DB.cpp(161,20): error C2065: 'hstmt': 선언되지 않은 식별자입니다.
\\Mac\Home\Desktop\공부\졸업작품\paradiselost\Server\Server\Server\DB.cpp(161,44): error C2065: 'retcode': 선언되지 않은 식별자입니다.
\\Mac\Home\Desktop\공부\졸업작품\paradiselost\Server\Server\Server\DB.cpp(166,59): warning C4267: '인수': 'size_t'에서 'int'(으)로 변환하면서 데이터가 손실될 수 있습니다.
\\Mac\Home\Desktop\공부\졸업작품\paradiselost\Server\Server\Server\DB.cpp(169,10): warning C4244: '=': 'SQLFLOAT'에서 'float'(으)로 변환하면서 데이터가 손실될 수 있습니다.
\\Mac\Home\Desktop\공부\졸업작품\paradiselost\Server\Server\Server\DB.cpp(170,10): warning C4244: '=': 'SQLFLOAT'에서 'float'(으)로 변환하면서 데이터가 손실될 수 있습니다.
\\Mac\Home\Desktop\공부\졸업작품\paradiselost\Server\Server\Server\DB.cpp(171,10): warning C4244: '=': 'SQLFLOAT'에서 'float'(으)로 변환하면서 데이터가 손실될 수 있습니다.
\\Mac\Home\Desktop\공부\졸업작품\paradiselost\Server\Server\Server\DB.cpp(181,5): error C2065: 'retcode': 선언되지 않은 식별자입니다.
\\Mac\Home\Desktop\공부\졸업작품\paradiselost\Server\Server\Server\DB.cpp(181,47): error C2065: 'hdbc': 선언되지 않은 식별자입니다.
\\Mac\Home\Desktop\공부\졸업작품\paradiselost\Server\Server\Server\DB.cpp(181,54): error C2065: 'hstmt': 선언되지 않은 식별자입니다.
\\Mac\Home\Desktop\공부\졸업작품\paradiselost\Server\Server\Server\DB.cpp(187,5): error C2065: 'retcode': 선언되지 않은 식별자입니다.
\\Mac\Home\Desktop\공부\졸업작품\paradiselost\Server\Server\Server\DB.cpp(187,29): error C2065: 'hstmt': 선언되지 않은 식별자입니다.
\\Mac\Home\Desktop\공부\졸업작품\paradiselost\Server\Server\Server\DB.cpp(189,9): error C2065: 'retcode': 선언되지 않은 식별자입니다.
\\Mac\Home\Desktop\공부\졸업작품\paradiselost\Server\Server\Server\DB.cpp(189,35): error C2065: 'retcode': 선언되지 않은 식별자입니다.
\\Mac\Home\Desktop\공부\졸업작품\paradiselost\Server\Server\Server\DB.cpp(190,19): error C2065: 'hstmt': 선언되지 않은 식별자입니다.
\\Mac\Home\Desktop\공부\졸업작품\paradiselost\Server\Server\Server\DB.cpp(191,40): error C2065: 'hstmt': 선언되지 않은 식별자입니다.
\\Mac\Home\Desktop\공부\졸업작품\paradiselost\Server\Server\Server\DB.cpp(196,20): error C2065: 'hstmt': 선언되지 않은 식별자입니다.
\\Mac\Home\Desktop\공부\졸업작품\paradiselost\Server\Server\Server\DB.cpp(196,44): error C2065: 'retcode': 선언되지 않은 식별자입니다.
\\Mac\Home\Desktop\공부\졸업작품\paradiselost\Server\Server\Server\DB.cpp(197,19): error C2065: 'hstmt': 선언되지 않은 식별자입니다.
\\Mac\Home\Desktop\공부\졸업작품\paradiselost\Server\Server\Server\DB.cpp(197,24): fatal  error C1003: 오류 수가 100개를 초과했습니다. 컴파일을 중지합니다.
  main.cpp
\\Mac\Home\Desktop\공부\졸업작품\paradiselost\Server\Server\Server\protocol.h(40,8): error C3646: 'name': 알 수 없는 재정의 지정자입니다.
\\Mac\Home\Desktop\공부\졸업작품\paradiselost\Server\Server\Server\protocol.h(40,12): error C2143: 구문 오류: ','이(가) '[' 앞에 없습니다.
\\Mac\Home\Desktop\공부\졸업작품\paradiselost\Server\Server\Server\protocol.h(40,26): error C2334: '{' 앞에 예기치 않은 토큰이 있습니다. 명백한 함수 본문을 건너뜁니다.
\\Mac\Home\Desktop\공부\졸업작품\paradiselost\Server\Server\Server\protocol.h(54,8): error C3646: 'name': 알 수 없는 재정의 지정자입니다.
\\Mac\Home\Desktop\공부\졸업작품\paradiselost\Server\Server\Server\protocol.h(54,12): error C2143: 구문 오류: ','이(가) '[' 앞에 없습니다.
\\Mac\Home\Desktop\공부\졸업작품\paradiselost\Server\Server\Server\protocol.h(54,26): error C2334: '{' 앞에 예기치 않은 토큰이 있습니다. 명백한 함수 본문을 건너뜁니다.
\\Mac\Home\Desktop\공부\졸업작품\paradiselost\Server\Server\Server\protocol.h(133,8): error C3646: 'name': 알 수 없는 재정의 지정자입니다.
\\Mac\Home\Desktop\공부\졸업작품\paradiselost\Server\Server\Server\protocol.h(133,12): error C2143: 구문 오류: ','이(가) '[' 앞에 없습니다.
\\Mac\Home\Desktop\공부\졸업작품\paradiselost\Server\Server\Server\protocol.h(133,27): error C2238: ';' 앞에 예기치 않은 토큰이 있습니다.
\\Mac\Home\Desktop\공부\졸업작품\paradiselost\Server\Server\Server\protocol.h(145,8): error C3646: 'name': 알 수 없는 재정의 지정자입니다.
\\Mac\Home\Desktop\공부\졸업작품\paradiselost\Server\Server\Server\protocol.h(145,12): error C2143: 구문 오류: ','이(가) '[' 앞에 없습니다.
\\Mac\Home\Desktop\공부\졸업작품\paradiselost\Server\Server\Server\protocol.h(145,27): error C2238: ';' 앞에 예기치 않은 토큰이 있습니다.
\\Mac\Home\Desktop\공부\졸업작품\paradiselost\Server\Server\Server\Session.h(25,8): error C3646: '_s_lock': 알 수 없는 재정의 지정자입니다.
\\Mac\Home\Desktop\공부\졸업작품\paradiselost\Server\Server\Server\Session.h(25,15): error C4430: 형식 지정자가 없습니다. int로 가정합니다. 참고: C++에서는 기본 int를 지원하지 않습니다.
\\Mac\Home\Desktop\공부\졸업작품\paradiselost\Server\Server\Server\Session.h(27,8): error C3646: '_stage_lock': 알 수 없는 재정의 지정자입니다.
\\Mac\Home\Desktop\공부\졸업작품\paradiselost\Server\Server\Server\Session.h(27,19): error C4430: 형식 지정자가 없습니다. int로 가정합니다. 참고: C++에서는 기본 int를 지원하지 않습니다.
\\Mac\Home\Desktop\공부\졸업작품\paradiselost\Server\Server\Server\Session.h(35,8): error C3646: '_a_lock': 알 수 없는 재정의 지정자입니다.
\\Mac\Home\Desktop\공부\졸업작품\paradiselost\Server\Server\Server\Session.h(35,15): error C4430: 형식 지정자가 없습니다. int로 가정합니다. 참고: C++에서는 기본 int를 지원하지 않습니다.
\\Mac\Home\Desktop\공부\졸업작품\paradiselost\Server\Server\Server\Session.h(53,8): error C3646: '_vl': 알 수 없는 재정의 지정자입니다.
\\Mac\Home\Desktop\공부\졸업작품\paradiselost\Server\Server\Server\Session.h(53,11): error C4430: 형식 지정자가 없습니다. int로 가정합니다. 참고: C++에서는 기본 int를 지원하지 않습니다.
\\Mac\Home\Desktop\공부\졸업작품\paradiselost\Server\Server\Server\Session.h(54,8): error C3646: '_sl': 알 수 없는 재정의 지정자입니다.
\\Mac\Home\Desktop\공부\졸업작품\paradiselost\Server\Server\Server\Session.h(54,11): error C4430: 형식 지정자가 없습니다. int로 가정합니다. 참고: C++에서는 기본 int를 지원하지 않습니다.
\\Mac\Home\Desktop\공부\졸업작품\paradiselost\Server\Server\Server\Session.h(57,8): error C3646: '_ll': 알 수 없는 재정의 지정자입니다.
\\Mac\Home\Desktop\공부\졸업작품\paradiselost\Server\Server\Server\Session.h(57,11): error C4430: 형식 지정자가 없습니다. int로 가정합니다. 참고: C++에서는 기본 int를 지원하지 않습니다.
\\Mac\Home\Desktop\공부\졸업작품\paradiselost\Server\Server\Server\DB.h(8,10): error C3646: 'henv': 알 수 없는 재정의 지정자입니다.
\\Mac\Home\Desktop\공부\졸업작품\paradiselost\Server\Server\Server\DB.h(8,14): error C4430: 형식 지정자가 없습니다. int로 가정합니다. 참고: C++에서는 기본 int를 지원하지 않습니다.
\\Mac\Home\Desktop\공부\졸업작품\paradiselost\Server\Server\Server\DB.h(9,10): error C3646: 'hdbc': 알 수 없는 재정의 지정자입니다.
\\Mac\Home\Desktop\공부\졸업작품\paradiselost\Server\Server\Server\DB.h(9,14): error C4430: 형식 지정자가 없습니다. int로 가정합니다. 참고: C++에서는 기본 int를 지원하지 않습니다.
\\Mac\Home\Desktop\공부\졸업작품\paradiselost\Server\Server\Server\DB.h(10,11): error C3646: 'hstmt': 알 수 없는 재정의 지정자입니다.
\\Mac\Home\Desktop\공부\졸업작품\paradiselost\Server\Server\Server\DB.h(10,17): error C2059: 구문 오류: '='
\\Mac\Home\Desktop\공부\졸업작품\paradiselost\Server\Server\Server\DB.h(10,20): error C2238: ';' 앞에 예기치 않은 토큰이 있습니다.
\\Mac\Home\Desktop\공부\졸업작품\paradiselost\Server\Server\Server\DB.h(11,12): error C3646: 'retcode': 알 수 없는 재정의 지정자입니다.
\\Mac\Home\Desktop\공부\졸업작품\paradiselost\Server\Server\Server\DB.h(11,19): error C4430: 형식 지정자가 없습니다. int로 가정합니다. 참고: C++에서는 기본 int를 지원하지 않습니다.
\\Mac\Home\Desktop\공부\졸업작품\paradiselost\Server\Server\Server\DB.h(17,18): error C2061: 구문 오류: 식별자 'SQLHANDLE'
\\Mac\Home\Desktop\공부\졸업작품\paradiselost\Server\Server\Server\DB.h(28,19): error C4430: 형식 지정자가 없습니다. int로 가정합니다. 참고: C++에서는 기본 int를 지원하지 않습니다.
\\Mac\Home\Desktop\공부\졸업작품\paradiselost\Server\Server\Server\DB.h(28,14): error C2146: 구문 오류: ';'이(가) '_db_l' 식별자 앞에 없습니다.
\\Mac\Home\Desktop\공부\졸업작품\paradiselost\Server\Server\Server\Timer.h(9,13): error C3646: '_type': 알 수 없는 재정의 지정자입니다.
\\Mac\Home\Desktop\공부\졸업작품\paradiselost\Server\Server\Server\Timer.h(9,18): error C4430: 형식 지정자가 없습니다. int로 가정합니다. 참고: C++에서는 기본 int를 지원하지 않습니다.
\\Mac\Home\Desktop\공부\졸업작품\paradiselost\Server\Server\Server\Timer.h(18,8): error C2872: 'mutex': 모호한 기호입니다.
\\Mac\Home\Desktop\공부\졸업작품\paradiselost\Server\Server\Server\DB.h(28,8): message : 'int mutex'일 수 있습니다.
C:\Program Files\Microsoft Visual Studio\2022\Community\VC\Tools\MSVC\14.37.32822\include\mutex(132,19): message : 또는       'std::mutex'
\\Mac\Home\Desktop\공부\졸업작품\paradiselost\Server\Server\Server\Timer.h(18,18): error C4430: 형식 지정자가 없습니다. int로 가정합니다. 참고: C++에서는 기본 int를 지원하지 않습니다.
\\Mac\Home\Desktop\공부\졸업작품\paradiselost\Server\Server\Server\Timer.h(18,14): error C2146: 구문 오류: ';'이(가) 'g_tl' 식별자 앞에 없습니다.
  Map.cpp
\\Mac\Home\Desktop\공부\졸업작품\paradiselost\Server\Server\Server\Map.cpp(173,21): error C4996: 'fopen': This function or variable may be unsafe. Consider using fopen_s instead. To disable deprecation, use _CRT_SECURE_NO_WARNINGS. See online help for details.
\\Mac\Home\Desktop\공부\졸업작품\paradiselost\Server\Server\Server\Map.cpp(193,19): error C4996: 'fopen': This function or variable may be unsafe. Consider using fopen_s instead. To disable deprecation, use _CRT_SECURE_NO_WARNINGS. See online help for details.
\\Mac\Home\Desktop\공부\졸업작품\paradiselost\Server\Server\Server\Map.cpp(213,19): error C4996: 'fopen': This function or variable may be unsafe. Consider using fopen_s instead. To disable deprecation, use _CRT_SECURE_NO_WARNINGS. See online help for details.
\\Mac\Home\Desktop\공부\졸업작품\paradiselost\Server\Server\Server\Map.cpp(233,19): error C4996: 'fopen': This function or variable may be unsafe. Consider using fopen_s instead. To disable deprecation, use _CRT_SECURE_NO_WARNINGS. See online help for details.
  Network.cpp
\\Mac\Home\Desktop\공부\졸업작품\paradiselost\Server\Server\Server\Session.h(25,8): error C3646: '_s_lock': 알 수 없는 재정의 지정자입니다.
\\Mac\Home\Desktop\공부\졸업작품\paradiselost\Server\Server\Server\Session.h(25,15): error C4430: 형식 지정자가 없습니다. int로 가정합니다. 참고: C++에서는 기본 int를 지원하지 않습니다.
\\Mac\Home\Desktop\공부\졸업작품\paradiselost\Server\Server\Server\Session.h(27,8): error C3646: '_stage_lock': 알 수 없는 재정의 지정자입니다.
\\Mac\Home\Desktop\공부\졸업작품\paradiselost\Server\Server\Server\Session.h(27,19): error C4430: 형식 지정자가 없습니다. int로 가정합니다. 참고: C++에서는 기본 int를 지원하지 않습니다.
\\Mac\Home\Desktop\공부\졸업작품\paradiselost\Server\Server\Server\Session.h(35,8): error C3646: '_a_lock': 알 수 없는 재정의 지정자입니다.
\\Mac\Home\Desktop\공부\졸업작품\paradiselost\Server\Server\Server\Session.h(35,15): error C4430: 형식 지정자가 없습니다. int로 가정합니다. 참고: C++에서는 기본 int를 지원하지 않습니다.
\\Mac\Home\Desktop\공부\졸업작품\paradiselost\Server\Server\Server\Session.h(53,8): error C3646: '_vl': 알 수 없는 재정의 지정자입니다.
\\Mac\Home\Desktop\공부\졸업작품\paradiselost\Server\Server\Server\Session.h(53,11): error C4430: 형식 지정자가 없습니다. int로 가정합니다. 참고: C++에서는 기본 int를 지원하지 않습니다.
\\Mac\Home\Desktop\공부\졸업작품\paradiselost\Server\Server\Server\Session.h(54,8): error C3646: '_sl': 알 수 없는 재정의 지정자입니다.
\\Mac\Home\Desktop\공부\졸업작품\paradiselost\Server\Server\Server\Session.h(54,11): error C4430: 형식 지정자가 없습니다. int로 가정합니다. 참고: C++에서는 기본 int를 지원하지 않습니다.
\\Mac\Home\Desktop\공부\졸업작품\paradiselost\Server\Server\Server\Session.h(57,8): error C3646: '_ll': 알 수 없는 재정의 지정자입니다.
\\Mac\Home\Desktop\공부\졸업작품\paradiselost\Server\Server\Server\Session.h(57,11): error C4430: 형식 지정자가 없습니다. int로 가정합니다. 참고: C++에서는 기본 int를 지원하지 않습니다.
\\Mac\Home\Desktop\공부\졸업작품\paradiselost\Server\Server\Server\Network.cpp(5,10): warning C4067: 전처리기 지시문 다음에 예기치 않은 토큰이 있습니다. 줄 바꿈 문자가 필요합니다.
\\Mac\Home\Desktop\공부\졸업작품\paradiselost\Server\Server\Server\Network.cpp(54,46): error C2039: '_s_lock': 'Session'의 멤버가 아닙니다.
\\Mac\Home\Desktop\공부\졸업작품\paradiselost\Server\Server\Server\Session.h(21,7): message : 'Session' 선언을 참조하십시오.
\\Mac\Home\Desktop\공부\졸업작품\paradiselost\Server\Server\Server\Network.cpp(54,26): error C2512: 'std::lock_guard<std::mutex>::lock_guard': 사용할 수 있는 적절한 기본 생성자가 없습니다.
\\Mac\Home\Desktop\공부\졸업작품\paradiselost\Server\Server\Server\Network.cpp(54,26): message : 인수 목록 '()'을(를) 일치시키는 동안
\\Mac\Home\Desktop\공부\졸업작품\paradiselost\Server\Server\Server\Network.cpp(85,6): error C3861: 'process_packet': 식별자를 찾을 수 없습니다.
\\Mac\Home\Desktop\공부\졸업작품\paradiselost\Server\Server\Server\Network.cpp(106,20): warning C4244: '인수': 'ULONG_PTR'에서 'int'(으)로 변환하면서 데이터가 손실될 수 있습니다.
\\Mac\Home\Desktop\공부\졸업작품\paradiselost\Server\Server\Server\Network.cpp(114,6): error C3861: 'do_random_move': 식별자를 찾을 수 없습니다.
\\Mac\Home\Desktop\공부\졸업작품\paradiselost\Server\Server\Server\Network.cpp(115,55): error C2065: 'EV_RANDOM_MOVE': 선언되지 않은 식별자입니다.
\\Mac\Home\Desktop\공부\졸업작품\paradiselost\Server\Server\Server\Network.cpp(115,6): error C3861: 'add_timer': 식별자를 찾을 수 없습니다.
\\Mac\Home\Desktop\공부\졸업작품\paradiselost\Server\Server\Server\Network.cpp(118,6): error C3861: 'do_player_attack': 식별자를 찾을 수 없습니다.
\\Mac\Home\Desktop\공부\졸업작품\paradiselost\Server\Server\Server\Network.cpp(119,55): error C2065: 'EV_RANDOM_MOVE': 선언되지 않은 식별자입니다.
\\Mac\Home\Desktop\공부\졸업작품\paradiselost\Server\Server\Server\Network.cpp(119,6): error C3861: 'add_timer': 식별자를 찾을 수 없습니다.
\\Mac\Home\Desktop\공부\졸업작품\paradiselost\Server\Server\Server\Network.cpp(122,6): error C3861: 'do_delay_disable': 식별자를 찾을 수 없습니다.
\\Mac\Home\Desktop\공부\졸업작품\paradiselost\Server\Server\Server\Network.cpp(123,55): error C2065: 'EV_RANDOM_MOVE': 선언되지 않은 식별자입니다.
\\Mac\Home\Desktop\공부\졸업작품\paradiselost\Server\Server\Server\Network.cpp(123,6): error C3861: 'add_timer': 식별자를 찾을 수 없습니다.
\\Mac\Home\Desktop\공부\졸업작품\paradiselost\Server\Server\Server\Network.cpp(126,6): error C3861: 'do_player_attack': 식별자를 찾을 수 없습니다.
\\Mac\Home\Desktop\공부\졸업작품\paradiselost\Server\Server\Server\Network.cpp(127,55): error C2065: 'EV_RANDOM_MOVE': 선언되지 않은 식별자입니다.
\\Mac\Home\Desktop\공부\졸업작품\paradiselost\Server\Server\Server\Network.cpp(127,6): error C3861: 'add_timer': 식별자를 찾을 수 없습니다.
\\Mac\Home\Desktop\공부\졸업작품\paradiselost\Server\Server\Server\Network.cpp(147,13): error C2039: '_s_lock': 'Session'의 멤버가 아닙니다.
\\Mac\Home\Desktop\공부\졸업작품\paradiselost\Server\Server\Server\Session.h(21,7): message : 'Session' 선언을 참조하십시오.
\\Mac\Home\Desktop\공부\졸업작품\paradiselost\Server\Server\Server\Network.cpp(152,13): error C2039: '_s_lock': 'Session'의 멤버가 아닙니다.
\\Mac\Home\Desktop\공부\졸업작품\paradiselost\Server\Server\Server\Session.h(21,7): message : 'Session' 선언을 참조하십시오.
\\Mac\Home\Desktop\공부\졸업작품\paradiselost\Server\Server\Server\Network.cpp(158,38): error C2039: '_s_lock': 'Session'의 멤버가 아닙니다.
\\Mac\Home\Desktop\공부\졸업작품\paradiselost\Server\Server\Server\Session.h(21,7): message : 'Session' 선언을 참조하십시오.
\\Mac\Home\Desktop\공부\졸업작품\paradiselost\Server\Server\Server\Network.cpp(158,26): error C2512: 'std::lock_guard<std::mutex>::lock_guard': 사용할 수 있는 적절한 기본 생성자가 없습니다.
\\Mac\Home\Desktop\공부\졸업작품\paradiselost\Server\Server\Server\Network.cpp(158,26): message : 인수 목록 '()'을(를) 일치시키는 동안
\\Mac\Home\Desktop\공부\졸업작품\paradiselost\Server\Server\Server\Network.cpp(180,41): error C2039: '_s_lock': 'Session'의 멤버가 아닙니다.
\\Mac\Home\Desktop\공부\졸업작품\paradiselost\Server\Server\Server\Session.h(21,7): message : 'Session' 선언을 참조하십시오.
\\Mac\Home\Desktop\공부\졸업작품\paradiselost\Server\Server\Server\Network.cpp(180,25): error C2512: 'std::lock_guard<std::mutex>': 사용할 수 있는 적절한 기본 생성자가 없습니다.
\\Mac\Home\Desktop\공부\졸업작품\paradiselost\Server\Server\Server\Network.cpp(180,25): message : 'std::lock_guard<std::mutex>::lock_guard': 사용할 수 있는 적절한 기본 생성자가 없습니다.
\\Mac\Home\Desktop\공부\졸업작품\paradiselost\Server\Server\Server\Network.cpp(180,25): message : 인수 목록 '()'을(를) 일치시키는 동안
\\Mac\Home\Desktop\공부\졸업작품\paradiselost\Server\Server\Server\Network.cpp(189,30): error C2039: '_s_lock': 'Session'의 멤버가 아닙니다.
\\Mac\Home\Desktop\공부\졸업작품\paradiselost\Server\Server\Server\Session.h(21,7): message : 'Session' 선언을 참조하십시오.
\\Mac\Home\Desktop\공부\졸업작품\paradiselost\Server\Server\Server\Network.cpp(189,26): error C2512: 'std::lock_guard<std::mutex>::lock_guard': 사용할 수 있는 적절한 기본 생성자가 없습니다.
\\Mac\Home\Desktop\공부\졸업작품\paradiselost\Server\Server\Server\Network.cpp(189,26): message : 인수 목록 '()'을(를) 일치시키는 동안
\\Mac\Home\Desktop\공부\졸업작품\paradiselost\Server\Server\Server\Network.cpp(211,4): error C2065: '_db_l': 선언되지 않은 식별자입니다.
\\Mac\Home\Desktop\공부\졸업작품\paradiselost\Server\Server\Server\Network.cpp(212,17): error C2065: 'db': 선언되지 않은 식별자입니다.
\\Mac\Home\Desktop\공부\졸업작품\paradiselost\Server\Server\Server\Network.cpp(213,4): error C2065: '_db_l': 선언되지 않은 식별자입니다.
\\Mac\Home\Desktop\공부\졸업작품\paradiselost\Server\Server\Server\Network.cpp(215,41): error C2039: '_s_lock': 'Session'의 멤버가 아닙니다.
\\Mac\Home\Desktop\공부\졸업작품\paradiselost\Server\Server\Server\Session.h(21,7): message : 'Session' 선언을 참조하십시오.
\\Mac\Home\Desktop\공부\졸업작품\paradiselost\Server\Server\Server\Network.cpp(215,25): error C2512: 'std::lock_guard<std::mutex>': 사용할 수 있는 적절한 기본 생성자가 없습니다.
\\Mac\Home\Desktop\공부\졸업작품\paradiselost\Server\Server\Server\Network.cpp(215,25): message : 'std::lock_guard<std::mutex>::lock_guard': 사용할 수 있는 적절한 기본 생성자가 없습니다.
\\Mac\Home\Desktop\공부\졸업작품\paradiselost\Server\Server\Server\Network.cpp(215,25): message : 인수 목록 '()'을(를) 일치시키는 동안
\\Mac\Home\Desktop\공부\졸업작품\paradiselost\Server\Server\Server\Network.cpp(222,5): error C2065: '_db_l': 선언되지 않은 식별자입니다.
\\Mac\Home\Desktop\공부\졸업작품\paradiselost\Server\Server\Server\Network.cpp(223,5): error C2065: 'db': 선언되지 않은 식별자입니다.
\\Mac\Home\Desktop\공부\졸업작품\paradiselost\Server\Server\Server\Network.cpp(226,5): error C2065: '_db_l': 선언되지 않은 식별자입니다.
\\Mac\Home\Desktop\공부\졸업작품\paradiselost\Server\Server\Server\Network.cpp(230,31): error C2039: '_s_lock': 'Session'의 멤버가 아닙니다.
\\Mac\Home\Desktop\공부\졸업작품\paradiselost\Server\Server\Server\Session.h(21,7): message : 'Session' 선언을 참조하십시오.
\\Mac\Home\Desktop\공부\졸업작품\paradiselost\Server\Server\Server\Network.cpp(230,27): error C2512: 'std::lock_guard<std::mutex>::lock_guard': 사용할 수 있는 적절한 기본 생성자가 없습니다.
\\Mac\Home\Desktop\공부\졸업작품\paradiselost\Server\Server\Server\Network.cpp(230,27): message : 인수 목록 '()'을(를) 일치시키는 동안
\\Mac\Home\Desktop\공부\졸업작품\paradiselost\Server\Server\Server\Network.cpp(256,40): error C2039: '_s_lock': 'Session'의 멤버가 아닙니다.
\\Mac\Home\Desktop\공부\졸업작품\paradiselost\Server\Server\Server\Session.h(21,7): message : 'Session' 선언을 참조하십시오.
\\Mac\Home\Desktop\공부\졸업작품\paradiselost\Server\Server\Server\Network.cpp(256,24): error C2512: 'std::lock_guard<std::mutex>': 사용할 수 있는 적절한 기본 생성자가 없습니다.
\\Mac\Home\Desktop\공부\졸업작품\paradiselost\Server\Server\Server\Network.cpp(256,24): message : 'std::lock_guard<std::mutex>::lock_guard': 사용할 수 있는 적절한 기본 생성자가 없습니다.
\\Mac\Home\Desktop\공부\졸업작품\paradiselost\Server\Server\Server\Network.cpp(256,24): message : 인수 목록 '()'을(를) 일치시키는 동안
\\Mac\Home\Desktop\공부\졸업작품\paradiselost\Server\Server\Server\Network.cpp(277,3): error C2065: '_db_l': 선언되지 않은 식별자입니다.
\\Mac\Home\Desktop\공부\졸업작품\paradiselost\Server\Server\Server\Network.cpp(278,3): error C2065: 'db': 선언되지 않은 식별자입니다.
\\Mac\Home\Desktop\공부\졸업작품\paradiselost\Server\Server\Server\Network.cpp(281,3): error C2065: '_db_l': 선언되지 않은 식별자입니다.
\\Mac\Home\Desktop\공부\졸업작품\paradiselost\Server\Server\Server\Network.cpp(286,29): error C2039: '_s_lock': 'Session'의 멤버가 아닙니다.
\\Mac\Home\Desktop\공부\졸업작품\paradiselost\Server\Server\Server\Session.h(21,7): message : 'Session' 선언을 참조하십시오.
\\Mac\Home\Desktop\공부\졸업작품\paradiselost\Server\Server\Server\Network.cpp(286,25): error C2512: 'std::lock_guard<std::mutex>::lock_guard': 사용할 수 있는 적절한 기본 생성자가 없습니다.
\\Mac\Home\Desktop\공부\졸업작품\paradiselost\Server\Server\Server\Network.cpp(286,25): message : 인수 목록 '()'을(를) 일치시키는 동안
\\Mac\Home\Desktop\공부\졸업작품\paradiselost\Server\Server\Server\Network.cpp(386,18): error C2039: '_sl': 'Session'의 멤버가 아닙니다.
\\Mac\Home\Desktop\공부\졸업작품\paradiselost\Server\Server\Server\Session.h(21,7): message : 'Session' 선언을 참조하십시오.
\\Mac\Home\Desktop\공부\졸업작품\paradiselost\Server\Server\Server\Network.cpp(388,18): error C2039: '_sl': 'Session'의 멤버가 아닙니다.
\\Mac\Home\Desktop\공부\졸업작품\paradiselost\Server\Server\Server\Session.h(21,7): message : 'Session' 선언을 참조하십시오.
\\Mac\Home\Desktop\공부\졸업작품\paradiselost\Server\Server\Server\Network.cpp(389,62): error C2065: 'EV_SKILL_DELAY': 선언되지 않은 식별자입니다.
\\Mac\Home\Desktop\공부\졸업작품\paradiselost\Server\Server\Server\Network.cpp(389,4): error C3861: 'add_timer': 식별자를 찾을 수 없습니다.
\\Mac\Home\Desktop\공부\졸업작품\paradiselost\Server\Server\Server\Network.cpp(397,17): error C2039: '_vl': 'Session'의 멤버가 아닙니다.
\\Mac\Home\Desktop\공부\졸업작품\paradiselost\Server\Server\Server\Session.h(21,7): message : 'Session' 선언을 참조하십시오.
\\Mac\Home\Desktop\공부\졸업작품\paradiselost\Server\Server\Server\Network.cpp(399,17): error C2039: '_vl': 'Session'의 멤버가 아닙니다.
\\Mac\Home\Desktop\공부\졸업작품\paradiselost\Server\Server\Server\Session.h(21,7): message : 'Session' 선언을 참조하십시오.
\\Mac\Home\Desktop\공부\졸업작품\paradiselost\Server\Server\Server\Network.cpp(411,9): error C2039: '_vl': 'Session'의 멤버가 아닙니다.
\\Mac\Home\Desktop\공부\졸업작품\paradiselost\Server\Server\Server\Session.h(21,7): message : 'Session' 선언을 참조하십시오.
\\Mac\Home\Desktop\공부\졸업작품\paradiselost\Server\Server\Server\Network.cpp(413,10): error C2039: '_vl': 'Session'의 멤버가 아닙니다.
\\Mac\Home\Desktop\공부\졸업작품\paradiselost\Server\Server\Server\Session.h(21,7): message : 'Session' 선언을 참조하십시오.
\\Mac\Home\Desktop\공부\졸업작품\paradiselost\Server\Server\Server\Network.cpp(417,10): error C2039: '_vl': 'Session'의 멤버가 아닙니다.
\\Mac\Home\Desktop\공부\졸업작품\paradiselost\Server\Server\Server\Session.h(21,7): message : 'Session' 선언을 참조하십시오.
\\Mac\Home\Desktop\공부\졸업작품\paradiselost\Server\Server\Server\Network.cpp(445,4): error C3861: 'do_add_boss': 식별자를 찾을 수 없습니다.
\\Mac\Home\Desktop\공부\졸업작품\paradiselost\Server\Server\Server\Network.cpp(452,18): error C2039: '_vl': 'Session'의 멤버가 아닙니다.
\\Mac\Home\Desktop\공부\졸업작품\paradiselost\Server\Server\Server\Session.h(21,7): message : 'Session' 선언을 참조하십시오.
\\Mac\Home\Desktop\공부\졸업작품\paradiselost\Server\Server\Server\Network.cpp(454,18): error C2039: '_vl': 'Session'의 멤버가 아닙니다.
\\Mac\Home\Desktop\공부\졸업작품\paradiselost\Server\Server\Server\Session.h(21,7): message : 'Session' 선언을 참조하십시오.
\\Mac\Home\Desktop\공부\졸업작품\paradiselost\Server\Server\Server\Network.cpp(465,10): error C2039: '_vl': 'Session'의 멤버가 아닙니다.
\\Mac\Home\Desktop\공부\졸업작품\paradiselost\Server\Server\Server\Session.h(21,7): message : 'Session' 선언을 참조하십시오.
\\Mac\Home\Desktop\공부\졸업작품\paradiselost\Server\Server\Server\Network.cpp(467,11): error C2039: '_vl': 'Session'의 멤버가 아닙니다.
\\Mac\Home\Desktop\공부\졸업작품\paradiselost\Server\Server\Server\Session.h(21,7): message : 'Session' 선언을 참조하십시오.
\\Mac\Home\Desktop\공부\졸업작품\paradiselost\Server\Server\Server\Network.cpp(471,11): error C2039: '_vl': 'Session'의 멤버가 아닙니다.
\\Mac\Home\Desktop\공부\졸업작품\paradiselost\Server\Server\Server\Session.h(21,7): message : 'Session' 선언을 참조하십시오.
\\Mac\Home\Desktop\공부\졸업작품\paradiselost\Server\Server\Server\Network.cpp(484,17): error C2039: '_vl': 'Session'의 멤버가 아닙니다.
\\Mac\Home\Desktop\공부\졸업작품\paradiselost\Server\Server\Server\Session.h(21,7): message : 'Session' 선언을 참조하십시오.
\\Mac\Home\Desktop\공부\졸업작품\paradiselost\Server\Server\Server\Network.cpp(486,17): error C2039: '_vl': 'Session'의 멤버가 아닙니다.
\\Mac\Home\Desktop\공부\졸업작품\paradiselost\Server\Server\Server\Session.h(21,7): message : 'Session' 선언을 참조하십시오.
\\Mac\Home\Desktop\공부\졸업작품\paradiselost\Server\Server\Server\Network.cpp(497,9): error C2039: '_vl': 'Session'의 멤버가 아닙니다.
\\Mac\Home\Desktop\공부\졸업작품\paradiselost\Server\Server\Server\Session.h(21,7): message : 'Session' 선언을 참조하십시오.
\\Mac\Home\Desktop\공부\졸업작품\paradiselost\Server\Server\Server\Network.cpp(499,10): error C2039: '_vl': 'Session'의 멤버가 아닙니다.
\\Mac\Home\Desktop\공부\졸업작품\paradiselost\Server\Server\Server\Session.h(21,7): message : 'Session' 선언을 참조하십시오.
\\Mac\Home\Desktop\공부\졸업작품\paradiselost\Server\Server\Server\Network.cpp(503,10): error C2039: '_vl': 'Session'의 멤버가 아닙니다.
\\Mac\Home\Desktop\공부\졸업작품\paradiselost\Server\Server\Server\Session.h(21,7): message : 'Session' 선언을 참조하십시오.
\\Mac\Home\Desktop\공부\졸업작품\paradiselost\Server\Server\Server\Network.cpp(531,17): error C2039: '_vl': 'Session'의 멤버가 아닙니다.
\\Mac\Home\Desktop\공부\졸업작품\paradiselost\Server\Server\Server\Session.h(21,7): message : 'Session' 선언을 참조하십시오.
\\Mac\Home\Desktop\공부\졸업작품\paradiselost\Server\Server\Server\Network.cpp(533,17): error C2039: '_vl': 'Session'의 멤버가 아닙니다.
\\Mac\Home\Desktop\공부\졸업작품\paradiselost\Server\Server\Server\Session.h(21,7): message : 'Session' 선언을 참조하십시오.
\\Mac\Home\Desktop\공부\졸업작품\paradiselost\Server\Server\Server\Network.cpp(544,9): error C2039: '_vl': 'Session'의 멤버가 아닙니다.
\\Mac\Home\Desktop\공부\졸업작품\paradiselost\Server\Server\Server\Session.h(21,7): message : 'Session' 선언을 참조하십시오.
\\Mac\Home\Desktop\공부\졸업작품\paradiselost\Server\Server\Server\Network.cpp(546,10): error C2039: '_vl': 'Session'의 멤버가 아닙니다.
\\Mac\Home\Desktop\공부\졸업작품\paradiselost\Server\Server\Server\Session.h(21,7): message : 'Session' 선언을 참조하십시오.
\\Mac\Home\Desktop\공부\졸업작품\paradiselost\Server\Server\Server\Network.cpp(551,10): error C2039: '_vl': 'Session'의 멤버가 아닙니다.
\\Mac\Home\Desktop\공부\졸업작품\paradiselost\Server\Server\Server\Session.h(21,7): message : 'Session' 선언을 참조하십시오.
\\Mac\Home\Desktop\공부\졸업작품\paradiselost\Server\Server\Server\Network.cpp(566,17): error C2039: '_stage_lock': 'Session'의 멤버가 아닙니다.
\\Mac\Home\Desktop\공부\졸업작품\paradiselost\Server\Server\Server\Session.h(21,7): message : 'Session' 선언을 참조하십시오.
\\Mac\Home\Desktop\공부\졸업작품\paradiselost\Server\Server\Server\Network.cpp(568,17): error C2039: '_stage_lock': 'Session'의 멤버가 아닙니다.
\\Mac\Home\Desktop\공부\졸업작품\paradiselost\Server\Server\Server\Session.h(21,7): message : 'Session' 선언을 참조하십시오.
\\Mac\Home\Desktop\공부\졸업작품\paradiselost\Server\Server\Server\Network.cpp(577,18): error C2039: '_s_lock': 'Session'의 멤버가 아닙니다.
\\Mac\Home\Desktop\공부\졸업작품\paradiselost\Server\Server\Server\Session.h(21,7): message : 'Session' 선언을 참조하십시오.
\\Mac\Home\Desktop\공부\졸업작품\paradiselost\Server\Server\Server\Network.cpp(581,18): error C2039: '_s_lock': 'Session'의 멤버가 아닙니다.
\\Mac\Home\Desktop\공부\졸업작품\paradiselost\Server\Server\Server\Session.h(21,7): message : 'Session' 선언을 참조하십시오.
\\Mac\Home\Desktop\공부\졸업작품\paradiselost\Server\Server\Server\Network.cpp(593,18): error C2039: '_s_lock': 'Session'의 멤버가 아닙니다.
\\Mac\Home\Desktop\공부\졸업작품\paradiselost\Server\Server\Server\Session.h(21,7): message : 'Session' 선언을 참조하십시오.
\\Mac\Home\Desktop\공부\졸업작품\paradiselost\Server\Server\Server\Network.cpp(598,18): error C2039: '_s_lock': 'Session'의 멤버가 아닙니다.
\\Mac\Home\Desktop\공부\졸업작품\paradiselost\Server\Server\Server\Session.h(21,7): message : 'Session' 선언을 참조하십시오.
\\Mac\Home\Desktop\공부\졸업작품\paradiselost\Server\Server\Server\Network.cpp(661,8): error C2039: '_vl': 'Session'의 멤버가 아닙니다.
\\Mac\Home\Desktop\공부\졸업작품\paradiselost\Server\Server\Server\Session.h(21,7): message : 'Session' 선언을 참조하십시오.
\\Mac\Home\Desktop\공부\졸업작품\paradiselost\Server\Server\Server\Network.cpp(663,9): error C2039: '_vl': 'Session'의 멤버가 아닙니다.
\\Mac\Home\Desktop\공부\졸업작품\paradiselost\Server\Server\Server\Session.h(21,7): message : 'Session' 선언을 참조하십시오.
\\Mac\Home\Desktop\공부\졸업작품\paradiselost\Server\Server\Server\Network.cpp(673,9): error C2039: '_vl': 'Session'의 멤버가 아닙니다.
\\Mac\Home\Desktop\공부\졸업작품\paradiselost\Server\Server\Server\Session.h(21,7): message : 'Session' 선언을 참조하십시오.
\\Mac\Home\Desktop\공부\졸업작품\paradiselost\Server\Server\Server\Network.cpp(696,13): error C2039: '_s_lock': 'Session'의 멤버가 아닙니다.
\\Mac\Home\Desktop\공부\졸업작품\paradiselost\Server\Server\Server\Session.h(21,7): message : 'Session' 선언을 참조하십시오.
\\Mac\Home\Desktop\공부\졸업작품\paradiselost\Server\Server\Server\Network.cpp(700,13): error C2039: '_s_lock': 'Session'의 멤버가 아닙니다.
\\Mac\Home\Desktop\공부\졸업작품\paradiselost\Server\Server\Server\Session.h(21,7): message : 'Session' 선언을 참조하십시오.
\\Mac\Home\Desktop\공부\졸업작품\paradiselost\Server\Server\Server\Network.cpp(711,55): error C2065: 'EV_STAGE_CLEAR': 선언되지 않은 식별자입니다.
\\Mac\Home\Desktop\공부\졸업작품\paradiselost\Server\Server\Server\Network.cpp(711,4): error C3861: 'add_timer': 식별자를 찾을 수 없습니다.
  Session.cpp
\\Mac\Home\Desktop\공부\졸업작품\paradiselost\Server\Server\Server\Session.h(25,8): error C3646: '_s_lock': 알 수 없는 재정의 지정자입니다.
\\Mac\Home\Desktop\공부\졸업작품\paradiselost\Server\Server\Server\Session.h(25,15): error C4430: 형식 지정자가 없습니다. int로 가정합니다. 참고: C++에서는 기본 int를 지원하지 않습니다.
\\Mac\Home\Desktop\공부\졸업작품\paradiselost\Server\Server\Server\Session.h(27,8): error C3646: '_stage_lock': 알 수 없는 재정의 지정자입니다.
\\Mac\Home\Desktop\공부\졸업작품\paradiselost\Server\Server\Server\Session.h(27,19): error C4430: 형식 지정자가 없습니다. int로 가정합니다. 참고: C++에서는 기본 int를 지원하지 않습니다.
\\Mac\Home\Desktop\공부\졸업작품\paradiselost\Server\Server\Server\Session.h(35,8): error C3646: '_a_lock': 알 수 없는 재정의 지정자입니다.
\\Mac\Home\Desktop\공부\졸업작품\paradiselost\Server\Server\Server\Session.h(35,15): error C4430: 형식 지정자가 없습니다. int로 가정합니다. 참고: C++에서는 기본 int를 지원하지 않습니다.
\\Mac\Home\Desktop\공부\졸업작품\paradiselost\Server\Server\Server\Session.h(53,8): error C3646: '_vl': 알 수 없는 재정의 지정자입니다.
\\Mac\Home\Desktop\공부\졸업작품\paradiselost\Server\Server\Server\Session.h(53,11): error C4430: 형식 지정자가 없습니다. int로 가정합니다. 참고: C++에서는 기본 int를 지원하지 않습니다.
\\Mac\Home\Desktop\공부\졸업작품\paradiselost\Server\Server\Server\Session.h(54,8): error C3646: '_sl': 알 수 없는 재정의 지정자입니다.
\\Mac\Home\Desktop\공부\졸업작품\paradiselost\Server\Server\Server\Session.h(54,11): error C4430: 형식 지정자가 없습니다. int로 가정합니다. 참고: C++에서는 기본 int를 지원하지 않습니다.
\\Mac\Home\Desktop\공부\졸업작품\paradiselost\Server\Server\Server\Session.h(57,8): error C3646: '_ll': 알 수 없는 재정의 지정자입니다.
\\Mac\Home\Desktop\공부\졸업작품\paradiselost\Server\Server\Server\Session.h(57,11): error C4430: 형식 지정자가 없습니다. int로 가정합니다. 참고: C++에서는 기본 int를 지원하지 않습니다.
\\Mac\Home\Desktop\공부\졸업작품\paradiselost\Server\Server\Server\Session.cpp(23,51): error C2065: 'EV_RANDOM_MOVE': 선언되지 않은 식별자입니다.
\\Mac\Home\Desktop\공부\졸업작품\paradiselost\Server\Server\Server\Session.cpp(23,2): error C3861: 'add_timer': 식별자를 찾을 수 없습니다.
\\Mac\Home\Desktop\공부\졸업작품\paradiselost\Server\Server\Server\Session.cpp(30,37): error C2039: '_s_lock': 'Session'의 멤버가 아닙니다.
\\Mac\Home\Desktop\공부\졸업작품\paradiselost\Server\Server\Server\Session.h(21,7): message : 'Session' 선언을 참조하십시오.
\\Mac\Home\Desktop\공부\졸업작품\paradiselost\Server\Server\Server\Session.cpp(30,24): error C2512: 'std::lock_guard<std::mutex>': 사용할 수 있는 적절한 기본 생성자가 없습니다.
\\Mac\Home\Desktop\공부\졸업작품\paradiselost\Server\Server\Server\Session.cpp(30,24): message : 'std::lock_guard<std::mutex>::lock_guard': 사용할 수 있는 적절한 기본 생성자가 없습니다.
\\Mac\Home\Desktop\공부\졸업작품\paradiselost\Server\Server\Server\Session.cpp(30,24): message : 인수 목록 '()'을(를) 일치시키는 동안
\\Mac\Home\Desktop\공부\졸업작품\paradiselost\Server\Server\Server\Session.cpp(39,16): error C2039: '_vl': 'Session'의 멤버가 아닙니다.
\\Mac\Home\Desktop\공부\졸업작품\paradiselost\Server\Server\Server\Session.h(21,7): message : 'Session' 선언을 참조하십시오.
\\Mac\Home\Desktop\공부\졸업작품\paradiselost\Server\Server\Server\Session.cpp(41,16): error C2039: '_vl': 'Session'의 멤버가 아닙니다.
\\Mac\Home\Desktop\공부\졸업작품\paradiselost\Server\Server\Server\Session.h(21,7): message : 'Session' 선언을 참조하십시오.
\\Mac\Home\Desktop\공부\졸업작품\paradiselost\Server\Server\Server\Session.cpp(46,29): error C2039: '_s_lock': 'Session'의 멤버가 아닙니다.
\\Mac\Home\Desktop\공부\졸업작품\paradiselost\Server\Server\Server\Session.h(21,7): message : 'Session' 선언을 참조하십시오.
\\Mac\Home\Desktop\공부\졸업작품\paradiselost\Server\Server\Server\Session.cpp(46,25): error C2512: 'std::lock_guard<std::mutex>::lock_guard': 사용할 수 있는 적절한 기본 생성자가 없습니다.
\\Mac\Home\Desktop\공부\졸업작품\paradiselost\Server\Server\Server\Session.cpp(46,25): message : 인수 목록 '()'을(를) 일치시키는 동안
\\Mac\Home\Desktop\공부\졸업작품\paradiselost\Server\Server\Server\Session.cpp(55,3): error C2065: '_db_l': 선언되지 않은 식별자입니다.
\\Mac\Home\Desktop\공부\졸업작품\paradiselost\Server\Server\Server\Session.cpp(56,3): error C2065: 'db': 선언되지 않은 식별자입니다.
\\Mac\Home\Desktop\공부\졸업작품\paradiselost\Server\Server\Server\Session.cpp(57,3): error C2065: '_db_l': 선언되지 않은 식별자입니다.
\\Mac\Home\Desktop\공부\졸업작품\paradiselost\Server\Server\Server\Session.cpp(60,17): error C2039: '_vl': 'Session'의 멤버가 아닙니다.
\\Mac\Home\Desktop\공부\졸업작품\paradiselost\Server\Server\Server\Session.h(21,7): message : 'Session' 선언을 참조하십시오.
\\Mac\Home\Desktop\공부\졸업작품\paradiselost\Server\Server\Server\Session.cpp(62,17): error C2039: '_vl': 'Session'의 멤버가 아닙니다.
\\Mac\Home\Desktop\공부\졸업작품\paradiselost\Server\Server\Server\Session.h(21,7): message : 'Session' 선언을 참조하십시오.
\\Mac\Home\Desktop\공부\졸업작품\paradiselost\Server\Server\Server\Session.cpp(65,54): error C2065: 'EV_STAGE_CLEAR': 선언되지 않은 식별자입니다.
\\Mac\Home\Desktop\공부\졸업작품\paradiselost\Server\Server\Server\Session.cpp(65,3): error C3861: 'add_timer': 식별자를 찾을 수 없습니다.
\\Mac\Home\Desktop\공부\졸업작품\paradiselost\Server\Server\Server\Session.cpp(67,37): error C2039: '_s_lock': 'Session'의 멤버가 아닙니다.
\\Mac\Home\Desktop\공부\졸업작품\paradiselost\Server\Server\Server\Session.h(21,7): message : 'Session' 선언을 참조하십시오.
\\Mac\Home\Desktop\공부\졸업작품\paradiselost\Server\Server\Server\Session.cpp(67,22): error C2512: 'std::lock_guard<std::mutex>::lock_guard': 사용할 수 있는 적절한 기본 생성자가 없습니다.
\\Mac\Home\Desktop\공부\졸업작품\paradiselost\Server\Server\Server\Session.cpp(67,22): message : 인수 목록 '()'을(를) 일치시키는 동안
\\Mac\Home\Desktop\공부\졸업작품\paradiselost\Server\Server\Server\Session.cpp(162,2): error C2065: '_vl': 선언되지 않은 식별자입니다.
\\Mac\Home\Desktop\공부\졸업작품\paradiselost\Server\Server\Server\Session.cpp(166,3): error C2065: '_vl': 선언되지 않은 식별자입니다.
\\Mac\Home\Desktop\공부\졸업작품\paradiselost\Server\Server\Server\Session.cpp(169,2): error C2065: '_vl': 선언되지 않은 식별자입니다.
\\Mac\Home\Desktop\공부\졸업작품\paradiselost\Server\Server\Server\Session.cpp(198,2): error C2065: '_vl': 선언되지 않은 식별자입니다.
\\Mac\Home\Desktop\공부\졸업작품\paradiselost\Server\Server\Server\Session.cpp(200,2): error C2065: '_vl': 선언되지 않은 식별자입니다.
\\Mac\Home\Desktop\공부\졸업작품\paradiselost\Server\Server\Server\Session.cpp(233,17): error C2039: '_a_lock': 'Session'의 멤버가 아닙니다.
\\Mac\Home\Desktop\공부\졸업작품\paradiselost\Server\Server\Server\Session.h(21,7): message : 'Session' 선언을 참조하십시오.
\\Mac\Home\Desktop\공부\졸업작품\paradiselost\Server\Server\Server\Session.cpp(235,17): error C2039: '_a_lock': 'Session'의 멤버가 아닙니다.
\\Mac\Home\Desktop\공부\졸업작품\paradiselost\Server\Server\Server\Session.h(21,7): message : 'Session' 선언을 참조하십시오.
\\Mac\Home\Desktop\공부\졸업작품\paradiselost\Server\Server\Server\Session.cpp(253,14): warning C4244: '=': 'int'에서 'float'(으)로 변환하면서 데이터가 손실될 수 있습니다.
\\Mac\Home\Desktop\공부\졸업작품\paradiselost\Server\Server\Server\Session.cpp(255,14): warning C4244: '=': 'int'에서 'float'(으)로 변환하면서 데이터가 손실될 수 있습니다.
\\Mac\Home\Desktop\공부\졸업작품\paradiselost\Server\Server\Server\Session.cpp(259,26): warning C4244: '=': 'int'에서 'float'(으)로 변환하면서 데이터가 손실될 수 있습니다.
\\Mac\Home\Desktop\공부\졸업작품\paradiselost\Server\Server\Server\Session.cpp(260,26): warning C4244: '=': 'int'에서 'float'(으)로 변환하면서 데이터가 손실될 수 있습니다.
\\Mac\Home\Desktop\공부\졸업작품\paradiselost\Server\Server\Server\Session.cpp(261,17): error C2039: '_a_lock': 'Session'의 멤버가 아닙니다.
\\Mac\Home\Desktop\공부\졸업작품\paradiselost\Server\Server\Server\Session.h(21,7): message : 'Session' 선언을 참조하십시오.
\\Mac\Home\Desktop\공부\졸업작품\paradiselost\Server\Server\Server\Session.cpp(267,17): error C2039: '_a_lock': 'Session'의 멤버가 아닙니다.
\\Mac\Home\Desktop\공부\졸업작품\paradiselost\Server\Server\Server\Session.h(21,7): message : 'Session' 선언을 참조하십시오.
\\Mac\Home\Desktop\공부\졸업작품\paradiselost\Server\Server\Server\Session.cpp(418,3): error C2065: 'API_SendMessage': 선언되지 않은 식별자입니다.
\\Mac\Home\Desktop\공부\졸업작품\paradiselost\Server\Server\Server\Session.cpp(419,3): error C2065: 'API_get_x': 선언되지 않은 식별자입니다.
\\Mac\Home\Desktop\공부\졸업작품\paradiselost\Server\Server\Server\Session.cpp(420,3): error C2065: 'API_get_y': 선언되지 않은 식별자입니다.
\\Mac\Home\Desktop\공부\졸업작품\paradiselost\Server\Server\Server\Session.cpp(421,3): error C2065: 'API_add_timer': 선언되지 않은 식별자입니다.
\\Mac\Home\Desktop\공부\졸업작품\paradiselost\Server\Server\Server\Session.cpp(444,3): error C3861: 'add_boss': 식별자를 찾을 수 없습니다.
\\Mac\Home\Desktop\공부\졸업작품\paradiselost\Server\Server\Server\Session.cpp(447,54): error C2065: 'EV_STAGE_CLEAR': 선언되지 않은 식별자입니다.
\\Mac\Home\Desktop\공부\졸업작품\paradiselost\Server\Server\Server\Session.cpp(447,3): error C3861: 'add_timer': 식별자를 찾을 수 없습니다.
\\Mac\Home\Desktop\공부\졸업작품\paradiselost\Server\Server\Server\Session.cpp(450,3): error C3861: 'add_boss': 식별자를 찾을 수 없습니다.
\\Mac\Home\Desktop\공부\졸업작품\paradiselost\Server\Server\Server\Session.cpp(614,7): error C2039: '_vl': 'Session'의 멤버가 아닙니다.
\\Mac\Home\Desktop\공부\졸업작품\paradiselost\Server\Server\Server\Session.h(21,7): message : 'Session' 선언을 참조하십시오.
\\Mac\Home\Desktop\공부\졸업작품\paradiselost\Server\Server\Server\Session.cpp(616,8): error C2039: '_vl': 'Session'의 멤버가 아닙니다.
\\Mac\Home\Desktop\공부\졸업작품\paradiselost\Server\Server\Server\Session.h(21,7): message : 'Session' 선언을 참조하십시오.
\\Mac\Home\Desktop\공부\졸업작품\paradiselost\Server\Server\Server\Session.cpp(626,8): error C2039: '_vl': 'Session'의 멤버가 아닙니다.
\\Mac\Home\Desktop\공부\졸업작품\paradiselost\Server\Server\Server\Session.h(21,7): message : 'Session' 선언을 참조하십시오.
\\Mac\Home\Desktop\공부\졸업작품\paradiselost\Server\Server\Server\Session.cpp(936,7): error C2039: '_vl': 'Session'의 멤버가 아닙니다.
\\Mac\Home\Desktop\공부\졸업작품\paradiselost\Server\Server\Server\Session.h(21,7): message : 'Session' 선언을 참조하십시오.
\\Mac\Home\Desktop\공부\졸업작품\paradiselost\Server\Server\Server\Session.cpp(938,8): error C2039: '_vl': 'Session'의 멤버가 아닙니다.
\\Mac\Home\Desktop\공부\졸업작품\paradiselost\Server\Server\Server\Session.h(21,7): message : 'Session' 선언을 참조하십시오.
\\Mac\Home\Desktop\공부\졸업작품\paradiselost\Server\Server\Server\Session.cpp(952,8): error C2039: '_vl': 'Session'의 멤버가 아닙니다.
\\Mac\Home\Desktop\공부\졸업작품\paradiselost\Server\Server\Server\Session.h(21,7): message : 'Session' 선언을 참조하십시오.
\\Mac\Home\Desktop\공부\졸업작품\paradiselost\Server\Server\Server\Session.cpp(1009,7): error C2039: '_vl': 'Session'의 멤버가 아닙니다.
\\Mac\Home\Desktop\공부\졸업작품\paradiselost\Server\Server\Server\Session.h(21,7): message : 'Session' 선언을 참조하십시오.
\\Mac\Home\Desktop\공부\졸업작품\paradiselost\Server\Server\Server\Session.cpp(1011,8): error C2039: '_vl': 'Session'의 멤버가 아닙니다.
\\Mac\Home\Desktop\공부\졸업작품\paradiselost\Server\Server\Server\Session.h(21,7): message : 'Session' 선언을 참조하십시오.
\\Mac\Home\Desktop\공부\졸업작품\paradiselost\Server\Server\Server\Session.cpp(1021,8): error C2039: '_vl': 'Session'의 멤버가 아닙니다.
\\Mac\Home\Desktop\공부\졸업작품\paradiselost\Server\Server\Server\Session.h(21,7): message : 'Session' 선언을 참조하십시오.
\\Mac\Home\Desktop\공부\졸업작품\paradiselost\Server\Server\Server\Session.cpp(1035,8): warning C4244: '초기화 중': 'float'에서 'int'(으)로 변환하면서 데이터가 손실될 수 있습니다.
\\Mac\Home\Desktop\공부\졸업작품\paradiselost\Server\Server\Server\Session.cpp(1053,8): warning C4244: '초기화 중': 'float'에서 'int'(으)로 변환하면서 데이터가 손실될 수 있습니다.
  Timer.cpp
\\Mac\Home\Desktop\공부\졸업작품\paradiselost\Server\Server\Server\Timer.h(9,13): error C3646: '_type': 알 수 없는 재정의 지정자입니다.
\\Mac\Home\Desktop\공부\졸업작품\paradiselost\Server\Server\Server\Timer.h(9,18): error C4430: 형식 지정자가 없습니다. int로 가정합니다. 참고: C++에서는 기본 int를 지원하지 않습니다.
\\Mac\Home\Desktop\공부\졸업작품\paradiselost\Server\Server\Server\Timer.cpp(33,15): error C2039: '_type': 'EVENT'의 멤버가 아닙니다.
\\Mac\Home\Desktop\공부\졸업작품\paradiselost\Server\Server\Server\Timer.h(6,8): message : 'EVENT' 선언을 참조하십시오.
