c:\users\gigabyte\onedrive - 한국산업기술대학교\바탕 화면\공부\졸작\paradiselost\server\gameserver\x64\debug\gameserver.pch
c:\users\gigabyte\onedrive - 한국산업기술대학교\바탕 화면\공부\졸작\paradiselost\server\gameserver\x64\debug\vc143.pdb
c:\users\gigabyte\onedrive - 한국산업기술대학교\바탕 화면\공부\졸작\paradiselost\server\gameserver\x64\debug\vc143.idb
c:\users\gigabyte\onedrive - 한국산업기술대학교\바탕 화면\공부\졸작\paradiselost\server\gameserver\x64\debug\pch.obj
c:\users\gigabyte\onedrive - 한국산업기술대학교\바탕 화면\공부\졸작\paradiselost\server\gameserver\x64\debug\serverpackethandler.obj
c:\users\gigabyte\onedrive - 한국산업기술대학교\바탕 화면\공부\졸작\paradiselost\server\gameserver\x64\debug\room.obj
c:\users\gigabyte\onedrive - 한국산업기술대학교\바탕 화면\공부\졸작\paradiselost\server\gameserver\x64\debug\player.obj
c:\users\gigabyte\onedrive - 한국산업기술대학교\바탕 화면\공부\졸작\paradiselost\server\gameserver\x64\debug\gamesessionmanager.obj
c:\users\gigabyte\onedrive - 한국산업기술대학교\바탕 화면\공부\졸작\paradiselost\server\gameserver\x64\debug\gamesession.obj
c:\users\gigabyte\onedrive - 한국산업기술대학교\바탕 화면\공부\졸작\paradiselost\server\gameserver\x64\debug\gameserver.obj
c:\users\leeminsik\desktop\졸작\paradiselost\server\gameserver\x64\debug\gameserver.pch
c:\users\leeminsik\desktop\졸작\paradiselost\server\gameserver\x64\debug\vc143.pdb
c:\users\leeminsik\desktop\졸작\paradiselost\server\gameserver\x64\debug\vc143.idb
c:\users\leeminsik\desktop\졸작\paradiselost\server\gameserver\x64\debug\pch.obj
c:\users\leeminsik\desktop\졸작\paradiselost\server\gameserver\x64\debug\serverpackethandler.obj
c:\users\leeminsik\desktop\졸작\paradiselost\server\gameserver\x64\debug\room.obj
c:\users\leeminsik\desktop\졸작\paradiselost\server\gameserver\x64\debug\player.obj
c:\users\leeminsik\desktop\졸작\paradiselost\server\gameserver\x64\debug\gamesessionmanager.obj
c:\users\leeminsik\desktop\졸작\paradiselost\server\gameserver\x64\debug\gamesession.obj
c:\users\leeminsik\desktop\졸작\paradiselost\server\gameserver\x64\debug\gameserver.obj
c:\users\gigabyte\onedrive - 한국산업기술대학교\바탕 화면\공부\졸작\paradiselost\server\binary\debug\gameserver.exe
c:\users\gigabyte\onedrive - 한국산업기술대학교\바탕 화면\공부\졸작\paradiselost\server\gameserver\x64\debug\gameserver.ilk
c:\users\gigabyte\onedrive - 한국산업기술대학교\바탕 화면\공부\졸작\paradiselost\server\binary\debug\gameserver.pdb
c:\users\leeminsik\desktop\졸작\paradiselost\server\gameserver\x64\debug\gameserver.ilk
c:\users\leeminsik\desktop\졸작\paradiselost\server\binary\debug\gameserver.exe
c:\users\leeminsik\desktop\졸작\paradiselost\server\binary\debug\gameserver.pdb
c:\users\leeminsik\desktop\졸작\paradiselost\server\gameserver\x64\debug\room.obj.enc
c:\users\leeminsik\desktop\졸작\paradiselost\server\gameserver\x64\debug\gameserver.tlog\cl.command.1.tlog
c:\users\leeminsik\desktop\졸작\paradiselost\server\gameserver\x64\debug\gameserver.tlog\cl.read.1.tlog
c:\users\leeminsik\desktop\졸작\paradiselost\server\gameserver\x64\debug\gameserver.tlog\cl.write.1.tlog
c:\users\leeminsik\desktop\졸작\paradiselost\server\gameserver\x64\debug\gameserver.tlog\link.command.1.tlog
c:\users\leeminsik\desktop\졸작\paradiselost\server\gameserver\x64\debug\gameserver.tlog\link.read.1.tlog
c:\users\leeminsik\desktop\졸작\paradiselost\server\gameserver\x64\debug\gameserver.tlog\link.write.1.tlog
